<?xml version="1.0" encoding="UTF-8" ?>
<testsuite tests="9" failures="1" name="com.ngujjari.morphline.ExampleMorphlineTest" time="7.205" errors="1" skipped="1">
  <properties>
[...]
</properties>
  <testcase classname="com.ngujjari.morphline.ExampleMorphlineTest" name="testAddValues" time="1.205"/>
  <testcase classname="com.ngujjari.morphline.ExampleMorphlineTest" name="testWebServerLogs" time="1.01"/>
  <testcase classname="com.ngujjari.morphline.ExampleMorphlineTest" name="testLog4jLogs" time="0.378">
    <failure type="java.lang.AssertionError">java.lang.AssertionError
	at org.junit.Assert.fail(Assert.java:92)
	at org.junit.Assert.assertTrue(Assert.java:43)
	at org.junit.Assert.assertTrue(Assert.java:54)
	at com.ngujjari.morphline.ExampleMorphlineTest.testLog4jLogs(ExampleMorphlineTest.java:75)
	at sun.reflect.NativeMethodAccessorImpl.invoke0(Native Method)
	at sun.reflect.NativeMethodAccessorImpl.invoke(NativeMethodAccessorImpl.java:62)
	at sun.reflect.DelegatingMethodAccessorImpl.invoke(DelegatingMethodAccessorImpl.java:43)
	at java.lang.reflect.Method.invoke(Method.java:498)
	at org.junit.runners.model.FrameworkMethod$1.runReflectiveCall(FrameworkMethod.java:45)
	at org.junit.internal.runners.model.ReflectiveCallable.run(ReflectiveCallable.java:15)
	at org.junit.runners.model.FrameworkMethod.invokeExplosively(FrameworkMethod.java:42)
	at org.junit.internal.runners.statements.InvokeMethod.evaluate(InvokeMethod.java:20)
	at org.junit.internal.runners.statements.RunBefores.evaluate(RunBefores.java:28)
	at org.junit.internal.runners.statements.RunAfters.evaluate(RunAfters.java:30)
	at org.junit.runners.ParentRunner.runLeaf(ParentRunner.java:263)
	at org.junit.runners.BlockJUnit4ClassRunner.runChild(BlockJUnit4ClassRunner.java:68)
	at org.junit.runners.BlockJUnit4ClassRunner.runChild(BlockJUnit4ClassRunner.java:47)
	at org.junit.runners.ParentRunner$3.run(ParentRunner.java:231)
	at org.junit.runners.ParentRunner$1.schedule(ParentRunner.java:60)
	at org.junit.runners.ParentRunner.runChildren(ParentRunner.java:229)
	at org.junit.runners.ParentRunner.access$000(ParentRunner.java:50)
	at org.junit.runners.ParentRunner$2.evaluate(ParentRunner.java:222)
	at org.junit.runners.ParentRunner.run(ParentRunner.java:300)
	at org.apache.maven.surefire.junit4.JUnit4Provider.execute(JUnit4Provider.java:252)
	at org.apache.maven.surefire.junit4.JUnit4Provider.executeTestSet(JUnit4Provider.java:141)
	at org.apache.maven.surefire.junit4.JUnit4Provider.invoke(JUnit4Provider.java:112)
	at sun.reflect.NativeMethodAccessorImpl.invoke0(Native Method)
	at sun.reflect.NativeMethodAccessorImpl.invoke(NativeMethodAccessorImpl.java:62)
	at sun.reflect.DelegatingMethodAccessorImpl.invoke(DelegatingMethodAccessorImpl.java:43)
	at java.lang.reflect.Method.invoke(Method.java:498)
	at org.apache.maven.surefire.util.ReflectionUtils.invokeMethodWithArray(ReflectionUtils.java:189)
	at org.apache.maven.surefire.booter.ProviderFactory$ProviderProxy.invoke(ProviderFactory.java:165)
	at org.apache.maven.surefire.booter.ProviderFactory.invokeProvider(ProviderFactory.java:85)
	at org.apache.maven.surefire.booter.ForkedBooter.runSuitesInProcess(ForkedBooter.java:115)
	at org.apache.maven.surefire.booter.ForkedBooter.main(ForkedBooter.java:75)
</failure>
    <system-out>1969 [main] DEBUG org.kitesdk.morphline.api.MorphlineContext  - Importing commands from Java classpath: /Users/ngujjari/Tech/kite-morphline-tests/target/test-classes:/Users/ngujjari/Tech/kite-morphline-tests/target/classes:/Users/ngujjari/.m2/repository/org/kitesdk/kite-morphlines-core/1.0.0/kite-morphlines-core-1.0.0.jar:/Users/ngujjari/.m2/repository/org/kitesdk/kite-morphlines-avro/1.0.0/kite-morphlines-avro-1.0.0.jar:/Users/ngujjari/.m2/repository/org/apache/avro/avro/1.7.5/avro-1.7.5.jar:/Users/ngujjari/.m2/repository/org/codehaus/jackson/jackson-core-asl/1.9.13/jackson-core-asl-1.9.13.jar:/Users/ngujjari/.m2/repository/org/codehaus/jackson/jackson-mapper-asl/1.9.13/jackson-mapper-asl-1.9.13.jar:/Users/ngujjari/.m2/repository/com/thoughtworks/paranamer/paranamer/2.3/paranamer-2.3.jar:/Users/ngujjari/.m2/repository/org/xerial/snappy/snappy-java/1.0.5/snappy-java-1.0.5.jar:/Users/ngujjari/.m2/repository/org/kitesdk/kite-morphlines-json/1.0.0/kite-morphlines-json-1.0.0.jar:/Users/ngujjari/.m2/repository/com/fasterxml/jackson/core/jackson-databind/2.3.1/jackson-databind-2.3.1.jar:/Users/ngujjari/.m2/repository/com/fasterxml/jackson/core/jackson-annotations/2.3.0/jackson-annotations-2.3.0.jar:/Users/ngujjari/.m2/repository/com/fasterxml/jackson/core/jackson-core/2.3.1/jackson-core-2.3.1.jar:/Users/ngujjari/.m2/repository/org/kitesdk/kite-morphlines-saxon/1.0.0/kite-morphlines-saxon-1.0.0.jar:/Users/ngujjari/.m2/repository/net/sf/saxon/Saxon-HE/9.5.1-5/Saxon-HE-9.5.1-5.jar:/Users/ngujjari/.m2/repository/org/ccil/cowan/tagsoup/tagsoup/1.2.1/tagsoup-1.2.1.jar:/Users/ngujjari/.m2/repository/org/kitesdk/kite-morphlines-hadoop-core/1.0.0/kite-morphlines-hadoop-core-1.0.0.jar:/Users/ngujjari/.m2/repository/org/kitesdk/kite-hadoop-compatibility/1.0.0/kite-hadoop-compatibility-1.0.0.jar:/Users/ngujjari/.m2/repository/org/kitesdk/kite-morphlines-hadoop-parquet-avro/1.0.0/kite-morphlines-hadoop-parquet-avro-1.0.0.jar:/Users/ngujjari/.m2/repository/com/twitter/parquet-avro/1.4.1/parquet-avro-1.4.1.jar:/Users/ngujjari/.m2/repository/com/twitter/parquet-column/1.4.1/parquet-column-1.4.1.jar:/Users/ngujjari/.m2/repository/com/twitter/parquet-common/1.4.1/parquet-common-1.4.1.jar:/Users/ngujjari/.m2/repository/com/twitter/parquet-encoding/1.4.1/parquet-encoding-1.4.1.jar:/Users/ngujjari/.m2/repository/com/twitter/parquet-generator/1.4.1/parquet-generator-1.4.1.jar:/Users/ngujjari/.m2/repository/com/twitter/parquet-hadoop/1.4.1/parquet-hadoop-1.4.1.jar:/Users/ngujjari/.m2/repository/com/twitter/parquet-jackson/1.4.1/parquet-jackson-1.4.1.jar:/Users/ngujjari/.m2/repository/com/twitter/parquet-format/2.0.0/parquet-format-2.0.0.jar:/Users/ngujjari/.m2/repository/org/kitesdk/kite-morphlines-hadoop-sequencefile/1.0.0/kite-morphlines-hadoop-sequencefile-1.0.0.jar:/Users/ngujjari/.m2/repository/org/kitesdk/kite-morphlines-hadoop-rcfile/1.0.0/kite-morphlines-hadoop-rcfile-1.0.0.jar:/Users/ngujjari/.m2/repository/org/kitesdk/kite-morphlines-tika-core/1.0.0/kite-morphlines-tika-core-1.0.0.jar:/Users/ngujjari/.m2/repository/org/apache/tika/tika-core/1.5/tika-core-1.5.jar:/Users/ngujjari/.m2/repository/org/kitesdk/kite-morphlines-tika-decompress/1.0.0/kite-morphlines-tika-decompress-1.0.0.jar:/Users/ngujjari/.m2/repository/org/apache/commons/commons-compress/1.4.1/commons-compress-1.4.1.jar:/Users/ngujjari/.m2/repository/org/tukaani/xz/1.0/xz-1.0.jar:/Users/ngujjari/.m2/repository/org/kitesdk/kite-morphlines-solr-core/1.0.0/kite-morphlines-solr-core-1.0.0.jar:/Users/ngujjari/.m2/repository/org/apache/solr/solr-core/4.10.3/solr-core-4.10.3.jar:/Users/ngujjari/.m2/repository/org/apache/lucene/lucene-analyzers-common/4.10.3/lucene-analyzers-common-4.10.3.jar:/Users/ngujjari/.m2/repository/org/apache/lucene/lucene-analyzers-kuromoji/4.10.3/lucene-analyzers-kuromoji-4.10.3.jar:/Users/ngujjari/.m2/repository/org/apache/lucene/lucene-analyzers-phonetic/4.10.3/lucene-analyzers-phonetic-4.10.3.jar:/Users/ngujjari/.m2/repository/org/apache/lucene/lucene-codecs/4.10.3/lucene-codecs-4.10.3.jar:/Users/ngujjari/.m2/repository/org/apache/lucene/lucene-core/4.10.3/lucene-core-4.10.3.jar:/Users/ngujjari/.m2/repository/org/apache/lucene/lucene-expressions/4.10.3/lucene-expressions-4.10.3.jar:/Users/ngujjari/.m2/repository/org/apache/lucene/lucene-grouping/4.10.3/lucene-grouping-4.10.3.jar:/Users/ngujjari/.m2/repository/org/apache/lucene/lucene-highlighter/4.10.3/lucene-highlighter-4.10.3.jar:/Users/ngujjari/.m2/repository/org/apache/lucene/lucene-join/4.10.3/lucene-join-4.10.3.jar:/Users/ngujjari/.m2/repository/org/apache/lucene/lucene-memory/4.10.3/lucene-memory-4.10.3.jar:/Users/ngujjari/.m2/repository/org/apache/lucene/lucene-misc/4.10.3/lucene-misc-4.10.3.jar:/Users/ngujjari/.m2/repository/org/apache/lucene/lucene-queries/4.10.3/lucene-queries-4.10.3.jar:/Users/ngujjari/.m2/repository/org/apache/lucene/lucene-queryparser/4.10.3/lucene-queryparser-4.10.3.jar:/Users/ngujjari/.m2/repository/org/apache/lucene/lucene-spatial/4.10.3/lucene-spatial-4.10.3.jar:/Users/ngujjari/.m2/repository/org/apache/lucene/lucene-suggest/4.10.3/lucene-suggest-4.10.3.jar:/Users/ngujjari/.m2/repository/org/apache/solr/solr-solrj/4.10.3/solr-solrj-4.10.3.jar:/Users/ngujjari/.m2/repository/com/carrotsearch/hppc/0.5.2/hppc-0.5.2.jar:/Users/ngujjari/.m2/repository/com/google/protobuf/protobuf-java/2.5.0/protobuf-java-2.5.0.jar:/Users/ngujjari/.m2/repository/com/googlecode/concurrentlinkedhashmap/concurrentlinkedhashmap-lru/1.2/concurrentlinkedhashmap-lru-1.2.jar:/Users/ngujjari/.m2/repository/com/spatial4j/spatial4j/0.4.1/spatial4j-0.4.1.jar:/Users/ngujjari/.m2/repository/commons-cli/commons-cli/1.2/commons-cli-1.2.jar:/Users/ngujjari/.m2/repository/commons-codec/commons-codec/1.9/commons-codec-1.9.jar:/Users/ngujjari/.m2/repository/commons-configuration/commons-configuration/1.6/commons-configuration-1.6.jar:/Users/ngujjari/.m2/repository/commons-fileupload/commons-fileupload/1.2.1/commons-fileupload-1.2.1.jar:/Users/ngujjari/.m2/repository/commons-io/commons-io/2.3/commons-io-2.3.jar:/Users/ngujjari/.m2/repository/commons-lang/commons-lang/2.6/commons-lang-2.6.jar:/Users/ngujjari/.m2/repository/dom4j/dom4j/1.6.1/dom4j-1.6.1.jar:/Users/ngujjari/.m2/repository/joda-time/joda-time/2.2/joda-time-2.2.jar:/Users/ngujjari/.m2/repository/org/antlr/antlr-runtime/3.5/antlr-runtime-3.5.jar:/Users/ngujjari/.m2/repository/org/apache/hadoop/hadoop-annotations/2.2.0/hadoop-annotations-2.2.0.jar:/Users/ngujjari/.m2/repository/org/apache/hadoop/hadoop-auth/2.2.0/hadoop-auth-2.2.0.jar:/Users/ngujjari/.m2/repository/org/apache/hadoop/hadoop-common/2.2.0/hadoop-common-2.2.0.jar:/Users/ngujjari/.m2/repository/org/apache/hadoop/hadoop-hdfs/2.2.0/hadoop-hdfs-2.2.0.jar:/Users/ngujjari/.m2/repository/org/apache/httpcomponents/httpclient/4.3.1/httpclient-4.3.1.jar:/Users/ngujjari/.m2/repository/org/apache/httpcomponents/httpcore/4.3/httpcore-4.3.jar:/Users/ngujjari/.m2/repository/org/apache/httpcomponents/httpmime/4.3.1/httpmime-4.3.1.jar:/Users/ngujjari/.m2/repository/org/apache/zookeeper/zookeeper/3.4.6/zookeeper-3.4.6.jar:/Users/ngujjari/.m2/repository/org/codehaus/woodstox/wstx-asl/3.2.7/wstx-asl-3.2.7.jar:/Users/ngujjari/.m2/repository/org/eclipse/jetty/jetty-continuation/8.1.10.v20130312/jetty-continuation-8.1.10.v20130312.jar:/Users/ngujjari/.m2/repository/org/eclipse/jetty/jetty-deploy/8.1.10.v20130312/jetty-deploy-8.1.10.v20130312.jar:/Users/ngujjari/.m2/repository/org/eclipse/jetty/jetty-http/8.1.10.v20130312/jetty-http-8.1.10.v20130312.jar:/Users/ngujjari/.m2/repository/org/eclipse/jetty/jetty-io/8.1.10.v20130312/jetty-io-8.1.10.v20130312.jar:/Users/ngujjari/.m2/repository/org/eclipse/jetty/jetty-jmx/8.1.10.v20130312/jetty-jmx-8.1.10.v20130312.jar:/Users/ngujjari/.m2/repository/org/eclipse/jetty/jetty-security/8.1.10.v20130312/jetty-security-8.1.10.v20130312.jar:/Users/ngujjari/.m2/repository/org/eclipse/jetty/jetty-server/8.1.10.v20130312/jetty-server-8.1.10.v20130312.jar:/Users/ngujjari/.m2/repository/org/eclipse/jetty/jetty-util/8.1.10.v20130312/jetty-util-8.1.10.v20130312.jar:/Users/ngujjari/.m2/repository/org/eclipse/jetty/jetty-webapp/8.1.10.v20130312/jetty-webapp-8.1.10.v20130312.jar:/Users/ngujjari/.m2/repository/org/eclipse/jetty/jetty-xml/8.1.10.v20130312/jetty-xml-8.1.10.v20130312.jar:/Users/ngujjari/.m2/repository/org/eclipse/jetty/orbit/javax.servlet/3.0.0.v201112011016/javax.servlet-3.0.0.v201112011016.jar:/Users/ngujjari/.m2/repository/org/noggit/noggit/0.5/noggit-0.5.jar:/Users/ngujjari/.m2/repository/org/ow2/asm/asm/4.1/asm-4.1.jar:/Users/ngujjari/.m2/repository/org/ow2/asm/asm-commons/4.1/asm-commons-4.1.jar:/Users/ngujjari/.m2/repository/org/restlet/jee/org.restlet/2.1.1/org.restlet-2.1.1.jar:/Users/ngujjari/.m2/repository/org/restlet/jee/org.restlet.ext.servlet/2.1.1/org.restlet.ext.servlet-2.1.1.jar:/Users/ngujjari/.m2/repository/org/slf4j/jcl-over-slf4j/1.6.1/jcl-over-slf4j-1.6.1.jar:/Users/ngujjari/.m2/repository/org/kitesdk/kite-morphlines-solr-cell/1.0.0/kite-morphlines-solr-cell-1.0.0.jar:/Users/ngujjari/.m2/repository/org/apache/tika/tika-xmp/1.5/tika-xmp-1.5.jar:/Users/ngujjari/.m2/repository/org/apache/tika/tika-parsers/1.5/tika-parsers-1.5.jar:/Users/ngujjari/.m2/repository/edu/ucar/netcdf/4.2-min/netcdf-4.2-min.jar:/Users/ngujjari/.m2/repository/org/ow2/asm/asm-debug-all/4.1/asm-debug-all-4.1.jar:/Users/ngujjari/.m2/repository/com/adobe/xmp/xmpcore/5.1.2/xmpcore-5.1.2.jar:/Users/ngujjari/.m2/repository/org/apache/solr/solr-cell/4.10.3/solr-cell-4.10.3.jar:/Users/ngujjari/.m2/repository/com/drewnoakes/metadata-extractor/2.6.2/metadata-extractor-2.6.2.jar:/Users/ngujjari/.m2/repository/com/googlecode/juniversalchardet/juniversalchardet/1.0.3/juniversalchardet-1.0.3.jar:/Users/ngujjari/.m2/repository/com/googlecode/mp4parser/isoparser/1.0-RC-1/isoparser-1.0-RC-1.jar:/Users/ngujjari/.m2/repository/com/uwyn/jhighlight/1.0/jhighlight-1.0.jar:/Users/ngujjari/.m2/repository/de/l3s/boilerpipe/boilerpipe/1.1.0/boilerpipe-1.1.0.jar:/Users/ngujjari/.m2/repository/jdom/jdom/1.0/jdom-1.0.jar:/Users/ngujjari/.m2/repository/org/apache/james/apache-mime4j-core/0.7.2/apache-mime4j-core-0.7.2.jar:/Users/ngujjari/.m2/repository/org/apache/james/apache-mime4j-dom/0.7.2/apache-mime4j-dom-0.7.2.jar:/Users/ngujjari/.m2/repository/org/apache/pdfbox/fontbox/1.8.4/fontbox-1.8.4.jar:/Users/ngujjari/.m2/repository/org/apache/pdfbox/jempbox/1.8.4/jempbox-1.8.4.jar:/Users/ngujjari/.m2/repository/org/apache/pdfbox/pdfbox/1.8.4/pdfbox-1.8.4.jar:/Users/ngujjari/.m2/repository/org/apache/poi/poi/3.10.1/poi-3.10.1.jar:/Users/ngujjari/.m2/repository/org/apache/poi/poi-ooxml/3.10.1/poi-ooxml-3.10.1.jar:/Users/ngujjari/.m2/repository/org/apache/poi/poi-ooxml-schemas/3.10.1/poi-ooxml-schemas-3.10.1.jar:/Users/ngujjari/.m2/repository/org/apache/poi/poi-scratchpad/3.10.1/poi-scratchpad-3.10.1.jar:/Users/ngujjari/.m2/repository/org/apache/xmlbeans/xmlbeans/2.6.0/xmlbeans-2.6.0.jar:/Users/ngujjari/.m2/repository/org/aspectj/aspectjrt/1.6.11/aspectjrt-1.6.11.jar:/Users/ngujjari/.m2/repository/org/bouncycastle/bcmail-jdk15/1.45/bcmail-jdk15-1.45.jar:/Users/ngujjari/.m2/repository/org/bouncycastle/bcprov-jdk15/1.45/bcprov-jdk15-1.45.jar:/Users/ngujjari/.m2/repository/org/gagravarr/vorbis-java-core/0.1/vorbis-java-core-0.1.jar:/Users/ngujjari/.m2/repository/org/gagravarr/vorbis-java-tika/0.1/vorbis-java-tika-0.1.jar:/Users/ngujjari/.m2/repository/rome/rome/0.9/rome-0.9.jar:/Users/ngujjari/.m2/repository/org/kitesdk/kite-morphlines-twitter/1.0.0/kite-morphlines-twitter-1.0.0.jar:/Users/ngujjari/.m2/repository/org/kitesdk/kite-morphlines-maxmind/1.0.0/kite-morphlines-maxmind-1.0.0.jar:/Users/ngujjari/.m2/repository/com/maxmind/db/maxmind-db/1.0.0/maxmind-db-1.0.0.jar:/Users/ngujjari/.m2/repository/org/kitesdk/kite-morphlines-metrics-servlets/1.0.0/kite-morphlines-metrics-servlets-1.0.0.jar:/Users/ngujjari/.m2/repository/com/codahale/metrics/metrics-servlets/3.0.2/metrics-servlets-3.0.2.jar:/Users/ngujjari/.m2/repository/com/codahale/metrics/metrics-json/3.0.2/metrics-json-3.0.2.jar:/Users/ngujjari/.m2/repository/com/codahale/metrics/metrics-jvm/3.0.2/metrics-jvm-3.0.2.jar:/Users/ngujjari/.m2/repository/org/eclipse/jetty/jetty-servlet/8.1.14.v20131031/jetty-servlet-8.1.14.v20131031.jar:/Users/ngujjari/.m2/repository/org/kitesdk/kite-morphlines-useragent/1.0.0/kite-morphlines-useragent-1.0.0.jar:/Users/ngujjari/.m2/repository/ua_parser/ua-parser/1.3.0/ua-parser-1.3.0.jar:/Users/ngujjari/.m2/repository/org/yaml/snakeyaml/1.10/snakeyaml-1.10.jar:/Users/ngujjari/.m2/repository/org/kitesdk/kite-morphlines-core/1.0.0/kite-morphlines-core-1.0.0-tests.jar:/Users/ngujjari/.m2/repository/com/google/guava/guava/11.0.2/guava-11.0.2.jar:/Users/ngujjari/.m2/repository/com/google/code/findbugs/jsr305/1.3.9/jsr305-1.3.9.jar:/Users/ngujjari/.m2/repository/com/typesafe/config/1.0.2/config-1.0.2.jar:/Users/ngujjari/.m2/repository/com/codahale/metrics/metrics-core/3.0.2/metrics-core-3.0.2.jar:/Users/ngujjari/.m2/repository/com/codahale/metrics/metrics-healthchecks/3.0.2/metrics-healthchecks-3.0.2.jar:/Users/ngujjari/.m2/repository/org/slf4j/slf4j-api/1.6.1/slf4j-api-1.6.1.jar:/Users/ngujjari/.m2/repository/junit/junit/4.10/junit-4.10.jar:/Users/ngujjari/.m2/repository/org/hamcrest/hamcrest-core/1.1/hamcrest-core-1.1.jar:/Users/ngujjari/.m2/repository/org/slf4j/slf4j-log4j12/1.7.5/slf4j-log4j12-1.7.5.jar:/Users/ngujjari/.m2/repository/log4j/log4j/1.2.17/log4j-1.2.17.jar:
2151 [main] DEBUG org.kitesdk.morphline.api.MorphlineContext  - Importing command: copyTest from class: org.kitesdk.morphline.api.CopyTestCommandBuilder
2151 [main] DEBUG org.kitesdk.morphline.api.MorphlineContext  - Importing command: fail from class: org.kitesdk.morphline.api.FailCommandBuilder
2151 [main] DEBUG org.kitesdk.morphline.api.MorphlineContext  - Importing command: generateSequenceNumber from class: org.kitesdk.morphline.api.GenerateSequenceNumberBuilder
2152 [main] DEBUG org.kitesdk.morphline.api.MorphlineContext  - Importing command: throwException from class: org.kitesdk.morphline.api.ThrowExceptionCommandBuilder
2152 [main] DEBUG org.kitesdk.morphline.api.MorphlineContext  - Importing command: extractAvroPaths from class: org.kitesdk.morphline.avro.ExtractAvroPathsBuilder
2153 [main] DEBUG org.kitesdk.morphline.api.MorphlineContext  - Importing command: extractAvroTree from class: org.kitesdk.morphline.avro.ExtractAvroTreeBuilder
2153 [main] DEBUG org.kitesdk.morphline.api.MorphlineContext  - Importing command: readAvro from class: org.kitesdk.morphline.avro.ReadAvroBuilder
2153 [main] DEBUG org.kitesdk.morphline.api.MorphlineContext  - Importing command: readAvroContainer from class: org.kitesdk.morphline.avro.ReadAvroContainerBuilder
2153 [main] DEBUG org.kitesdk.morphline.api.MorphlineContext  - Importing command: toAvro from class: org.kitesdk.morphline.avro.ToAvroBuilder
2153 [main] DEBUG org.kitesdk.morphline.api.MorphlineContext  - Importing command: toAvroMap from class: org.kitesdk.morphline.avro.ToAvroMapBuilder
2153 [main] DEBUG org.kitesdk.morphline.api.MorphlineContext  - Importing command: writeAvroToByteArray from class: org.kitesdk.morphline.avro.WriteAvroToByteArrayBuilder
2153 [main] DEBUG org.kitesdk.morphline.api.MorphlineContext  - Importing command: downloadHdfsFile from class: org.kitesdk.morphline.hadoop.core.DownloadHdfsFileBuilder
2154 [main] DEBUG org.kitesdk.morphline.api.MorphlineContext  - Importing command: openHdfsFile from class: org.kitesdk.morphline.hadoop.core.OpenHdfsFileBuilder
2155 [main] DEBUG org.kitesdk.morphline.api.MorphlineContext  - Importing command: readAvroParquetFile from class: org.kitesdk.morphline.hadoop.parquet.avro.ReadAvroParquetFileBuilder
2155 [main] DEBUG org.kitesdk.morphline.api.MorphlineContext  - Importing command: readRCFile from class: org.kitesdk.morphline.hadoop.rcfile.ReadRCFileBuilder
2156 [main] DEBUG org.kitesdk.morphline.api.MorphlineContext  - Importing command: readSequenceFile from class: org.kitesdk.morphline.hadoop.sequencefile.ReadSequenceFileBuilder
2156 [main] DEBUG org.kitesdk.morphline.api.MorphlineContext  - Importing command: extractJsonPaths from class: org.kitesdk.morphline.json.ExtractJsonPathsBuilder
2156 [main] DEBUG org.kitesdk.morphline.api.MorphlineContext  - Importing command: readJson from class: org.kitesdk.morphline.json.ReadJsonBuilder
2157 [main] DEBUG org.kitesdk.morphline.api.MorphlineContext  - Importing command: geoIP from class: org.kitesdk.morphline.maxmind.GeoIPBuilder
2157 [main] DEBUG org.kitesdk.morphline.api.MorphlineContext  - Importing command: registerJVMMetrics from class: org.kitesdk.morphline.metrics.servlets.RegisterJVMMetricsBuilder
2159 [main] DEBUG org.kitesdk.morphline.api.MorphlineContext  - Importing command: startReportingMetricsToHTTP from class: org.kitesdk.morphline.metrics.servlets.StartReportingMetricsToHTTPBuilder
2159 [main] DEBUG org.kitesdk.morphline.api.MorphlineContext  - Importing command: convertHTML from class: org.kitesdk.morphline.saxon.ConvertHTMLBuilder
2159 [main] DEBUG org.kitesdk.morphline.api.MorphlineContext  - Importing command: xquery from class: org.kitesdk.morphline.saxon.XQueryBuilder
2159 [main] DEBUG org.kitesdk.morphline.api.MorphlineContext  - Importing command: xslt from class: org.kitesdk.morphline.saxon.XSLTBuilder
2159 [main] DEBUG org.kitesdk.morphline.api.MorphlineContext  - Importing command: generateSolrSequenceKey from class: org.kitesdk.morphline.solr.GenerateSolrSequenceKeyBuilder
2159 [main] DEBUG org.kitesdk.morphline.api.MorphlineContext  - Importing command: sanitizeUniqueSolrKey from class: org.kitesdk.morphline.solr.GenerateSolrSequenceKeyBuilder
2159 [main] DEBUG org.kitesdk.morphline.api.MorphlineContext  - Importing command: loadSolr from class: org.kitesdk.morphline.solr.LoadSolrBuilder
2159 [main] DEBUG org.kitesdk.morphline.api.MorphlineContext  - Importing command: sanitizeUnknownSolrFields from class: org.kitesdk.morphline.solr.SanitizeUnknownSolrFieldsBuilder
2159 [main] DEBUG org.kitesdk.morphline.api.MorphlineContext  - Importing command: tokenizeText from class: org.kitesdk.morphline.solr.TokenizeTextBuilder
2160 [main] DEBUG org.kitesdk.morphline.api.MorphlineContext  - Importing command: solrCell from class: org.kitesdk.morphline.solrcell.SolrCellBuilder
2160 [main] DEBUG org.kitesdk.morphline.api.MorphlineContext  - Importing command: readBlob from class: org.kitesdk.morphline.stdio.ReadBlobBuilder
2160 [main] DEBUG org.kitesdk.morphline.api.MorphlineContext  - Importing command: readCSV from class: org.kitesdk.morphline.stdio.ReadCSVBuilder
2161 [main] DEBUG org.kitesdk.morphline.api.MorphlineContext  - Importing command: readClob from class: org.kitesdk.morphline.stdio.ReadClobBuilder
2161 [main] DEBUG org.kitesdk.morphline.api.MorphlineContext  - Importing command: readLine from class: org.kitesdk.morphline.stdio.ReadLineBuilder
2161 [main] DEBUG org.kitesdk.morphline.api.MorphlineContext  - Importing command: readMultiLine from class: org.kitesdk.morphline.stdio.ReadMultiLineBuilder
2164 [main] DEBUG org.kitesdk.morphline.api.MorphlineContext  - Importing command: addCurrentTime from class: org.kitesdk.morphline.stdlib.AddCurrentTimeBuilder
2164 [main] DEBUG org.kitesdk.morphline.api.MorphlineContext  - Importing command: addLocalHost from class: org.kitesdk.morphline.stdlib.AddLocalHostBuilder
2164 [main] DEBUG org.kitesdk.morphline.api.MorphlineContext  - Importing command: addValues from class: org.kitesdk.morphline.stdlib.AddValuesBuilder
2165 [main] DEBUG org.kitesdk.morphline.api.MorphlineContext  - Importing command: addValuesIfAbsent from class: org.kitesdk.morphline.stdlib.AddValuesIfAbsentBuilder
2165 [main] DEBUG org.kitesdk.morphline.api.MorphlineContext  - Importing command: callParentPipe from class: org.kitesdk.morphline.stdlib.CallParentPipeBuilder
2168 [main] DEBUG org.kitesdk.morphline.api.MorphlineContext  - Importing command: contains from class: org.kitesdk.morphline.stdlib.ContainsBuilder
2174 [main] DEBUG org.kitesdk.morphline.api.MorphlineContext  - Importing command: convertTimestamp from class: org.kitesdk.morphline.stdlib.ConvertTimestampBuilder
2174 [main] DEBUG org.kitesdk.morphline.api.MorphlineContext  - Importing command: decodeBase64 from class: org.kitesdk.morphline.stdlib.DecodeBase64Builder
2175 [main] DEBUG org.kitesdk.morphline.api.MorphlineContext  - Importing command: dropRecord from class: org.kitesdk.morphline.stdlib.DropRecordBuilder
2175 [main] DEBUG org.kitesdk.morphline.api.MorphlineContext  - Importing command: equals from class: org.kitesdk.morphline.stdlib.EqualsBuilder
2176 [main] DEBUG org.kitesdk.morphline.api.MorphlineContext  - Importing command: extractURIComponent from class: org.kitesdk.morphline.stdlib.ExtractURIComponentBuilder
2177 [main] DEBUG org.kitesdk.morphline.api.MorphlineContext  - Importing command: extractURIComponents from class: org.kitesdk.morphline.stdlib.ExtractURIComponentsBuilder
2177 [main] DEBUG org.kitesdk.morphline.api.MorphlineContext  - Importing command: extractURIQueryParameters from class: org.kitesdk.morphline.stdlib.ExtractURIQueryParametersBuilder
2177 [main] DEBUG org.kitesdk.morphline.api.MorphlineContext  - Importing command: findReplace from class: org.kitesdk.morphline.stdlib.FindReplaceBuilder
2177 [main] DEBUG org.kitesdk.morphline.api.MorphlineContext  - Importing command: generateUUID from class: org.kitesdk.morphline.stdlib.GenerateUUIDBuilder
2178 [main] DEBUG org.kitesdk.morphline.api.MorphlineContext  - Importing command: grok from class: org.kitesdk.morphline.stdlib.GrokBuilder
2178 [main] DEBUG org.kitesdk.morphline.api.MorphlineContext  - Importing command: head from class: org.kitesdk.morphline.stdlib.HeadBuilder
2178 [main] DEBUG org.kitesdk.morphline.api.MorphlineContext  - Importing command: if from class: org.kitesdk.morphline.stdlib.IfThenElseBuilder
2178 [main] DEBUG org.kitesdk.morphline.api.MorphlineContext  - Importing command: java from class: org.kitesdk.morphline.stdlib.JavaBuilder
2178 [main] DEBUG org.kitesdk.morphline.api.MorphlineContext  - Importing command: logDebug from class: org.kitesdk.morphline.stdlib.LogDebugBuilder
2178 [main] DEBUG org.kitesdk.morphline.api.MorphlineContext  - Importing command: logError from class: org.kitesdk.morphline.stdlib.LogErrorBuilder
2178 [main] DEBUG org.kitesdk.morphline.api.MorphlineContext  - Importing command: logInfo from class: org.kitesdk.morphline.stdlib.LogInfoBuilder
2178 [main] DEBUG org.kitesdk.morphline.api.MorphlineContext  - Importing command: logTrace from class: org.kitesdk.morphline.stdlib.LogTraceBuilder
2178 [main] DEBUG org.kitesdk.morphline.api.MorphlineContext  - Importing command: logWarn from class: org.kitesdk.morphline.stdlib.LogWarnBuilder
2178 [main] DEBUG org.kitesdk.morphline.api.MorphlineContext  - Importing command: not from class: org.kitesdk.morphline.stdlib.NotBuilder
2178 [main] DEBUG org.kitesdk.morphline.api.MorphlineContext  - Importing command: pipe from class: org.kitesdk.morphline.stdlib.PipeBuilder
2178 [main] DEBUG org.kitesdk.morphline.api.MorphlineContext  - Importing command: removeFields from class: org.kitesdk.morphline.stdlib.RemoveFieldsBuilder
2178 [main] DEBUG org.kitesdk.morphline.api.MorphlineContext  - Importing command: removeValues from class: org.kitesdk.morphline.stdlib.RemoveValuesBuilder
2179 [main] DEBUG org.kitesdk.morphline.api.MorphlineContext  - Importing command: sample from class: org.kitesdk.morphline.stdlib.SampleBuilder
2179 [main] DEBUG org.kitesdk.morphline.api.MorphlineContext  - Importing command: separateAttachments from class: org.kitesdk.morphline.stdlib.SeparateAttachmentsBuilder
2179 [main] DEBUG org.kitesdk.morphline.api.MorphlineContext  - Importing command: setValues from class: org.kitesdk.morphline.stdlib.SetValuesBuilder
2179 [main] DEBUG org.kitesdk.morphline.api.MorphlineContext  - Importing command: split from class: org.kitesdk.morphline.stdlib.SplitBuilder
2179 [main] DEBUG org.kitesdk.morphline.api.MorphlineContext  - Importing command: splitKeyValue from class: org.kitesdk.morphline.stdlib.SplitKeyValueBuilder
2179 [main] DEBUG org.kitesdk.morphline.api.MorphlineContext  - Importing command: startReportingMetricsToCSV from class: org.kitesdk.morphline.stdlib.StartReportingMetricsToCSVBuilder
2179 [main] DEBUG org.kitesdk.morphline.api.MorphlineContext  - Importing command: startReportingMetricsToJMX from class: org.kitesdk.morphline.stdlib.StartReportingMetricsToJMXBuilder
2179 [main] DEBUG org.kitesdk.morphline.api.MorphlineContext  - Importing command: startReportingMetricsToSLF4J from class: org.kitesdk.morphline.stdlib.StartReportingMetricsToSLF4JBuilder
2180 [main] DEBUG org.kitesdk.morphline.api.MorphlineContext  - Importing command: toByteArray from class: org.kitesdk.morphline.stdlib.ToByteArrayBuilder
2180 [main] DEBUG org.kitesdk.morphline.api.MorphlineContext  - Importing command: toString from class: org.kitesdk.morphline.stdlib.ToStringBuilder
2182 [main] DEBUG org.kitesdk.morphline.api.MorphlineContext  - Importing command: translate from class: org.kitesdk.morphline.stdlib.TranslateBuilder
2182 [main] DEBUG org.kitesdk.morphline.api.MorphlineContext  - Importing command: tryRules from class: org.kitesdk.morphline.stdlib.TryRulesBuilder
2183 [main] DEBUG org.kitesdk.morphline.api.MorphlineContext  - Importing command: detectMimeType from class: org.kitesdk.morphline.tika.DetectMimeTypeBuilder
2183 [main] DEBUG org.kitesdk.morphline.api.MorphlineContext  - Importing command: decompress from class: org.kitesdk.morphline.tika.decompress.DecompressBuilder
2183 [main] DEBUG org.kitesdk.morphline.api.MorphlineContext  - Importing command: unpack from class: org.kitesdk.morphline.tika.decompress.UnpackBuilder
2183 [main] DEBUG org.kitesdk.morphline.api.MorphlineContext  - Importing command: readJsonTestTweets from class: org.kitesdk.morphline.twitter.ReadJsonTestTweetsBuilder
2183 [main] DEBUG org.kitesdk.morphline.api.MorphlineContext  - Importing command: userAgent from class: org.kitesdk.morphline.useragent.UserAgentBuilder
2183 [main] INFO  org.kitesdk.morphline.api.MorphlineContext  - Done importing commands
2183 [main] TRACE org.kitesdk.morphline.stdlib.Pipe  - Building command: readMultiLine
2185 [main] TRACE org.kitesdk.morphline.stdlib.Pipe  - Building command: grok
2186 [main] DEBUG org.kitesdk.morphline.stdlib.GrokDictionaries  - Loading grok dictionary:target/test-classes/grok-dictionaries source:filesystem
2192 [main] DEBUG org.kitesdk.morphline.stdlib.GrokDictionaries  - Loading inline grok dictionary:
          LOG4J_CUSTOM_TIMESTAMP %{YEAR}[./-]%{MONTHNUM}[./-]%{MONTHDAY}[./-]%{HOUR}[./-]%{MINUTE}[./-]%{SECOND}
          CISCO_PRODUCT \w+
          CISCO_LEVEL \w+
          CISCO_SUBFACILITY \w+
          CISCO_MESSAGE_ID \w+
        
2197 [main] DEBUG org.kitesdk.morphline.stdlib.GrokDictionaries  - dictionary: BASE10NUM=(?&lt;![0-9.+-])(?&gt;[+-]?(?:(?:[0-9]+(?:\.[0-9]+)?)|(?:\.[0-9]+)))
BASE16FLOAT=\b(?&lt;![0-9A-Fa-f.])(?:[+-]?(?:0x)?(?:(?:[0-9A-Fa-f]+(?:\.[0-9A-Fa-f]*)?)|(?:\.[0-9A-Fa-f]+)))\b
BASE16NUM=(?&lt;![0-9A-Fa-f])(?:[+-]?(?:0x)?(?:[0-9A-Fa-f]+))
CISCOMAC=(?:(?:[A-Fa-f0-9]{4}\.){2}[A-Fa-f0-9]{4})
CISCO_LEVEL=\w+
CISCO_MESSAGE_ID=\w+
CISCO_PRODUCT=\w+
CISCO_SUBFACILITY=\w+
COMBINEDAPACHELOG=(?&lt;clientip&gt;(?:\b(?:[0-9A-Za-z][0-9A-Za-z-]{0,62})(?:\.(?:[0-9A-Za-z][0-9A-Za-z-]{0,62}))*(\.?|\b)|(?&lt;![0-9])(?:(?:25[0-5]|2[0-4][0-9]|[0-1]?[0-9]{1,2})[.](?:25[0-5]|2[0-4][0-9]|[0-1]?[0-9]{1,2})[.](?:25[0-5]|2[0-4][0-9]|[0-1]?[0-9]{1,2})[.](?:25[0-5]|2[0-4][0-9]|[0-1]?[0-9]{1,2}))(?![0-9]))) (?&lt;ident&gt;[a-zA-Z0-9._-]+) (?&lt;auth&gt;[a-zA-Z0-9._-]+) \[(?&lt;timestamp&gt;(?:(?:0[1-9])|(?:[12][0-9])|(?:3[01])|[1-9])/\b(?:Jan(?:uary)?|Feb(?:ruary)?|Mar(?:ch)?|Apr(?:il)?|May|Jun(?:e)?|Jul(?:y)?|Aug(?:ust)?|Sep(?:tember)?|Oct(?:ober)?|Nov(?:ember)?|Dec(?:ember)?)\b/(?&gt;\d\d){1,2}:(?!&lt;[0-9])(?:2[0123]|[01]?[0-9]):(?:[0-5][0-9])(?::(?:(?:[0-5][0-9]|60)(?:[:.,][0-9]+)?))(?![0-9]) (?:[+-]?(?:[0-9]+)))\] &quot;(?:(?&lt;verb&gt;\b\w+\b) (?&lt;request&gt;\S+)(?: HTTP/(?&lt;httpversion&gt;(?:(?&lt;![0-9.+-])(?&gt;[+-]?(?:(?:[0-9]+(?:\.[0-9]+)?)|(?:\.[0-9]+))))))?|(?&lt;rawrequest&gt;.*?))&quot; (?&lt;response&gt;(?:(?&lt;![0-9.+-])(?&gt;[+-]?(?:(?:[0-9]+(?:\.[0-9]+)?)|(?:\.[0-9]+))))) (?:(?&lt;bytes&gt;(?:(?&lt;![0-9.+-])(?&gt;[+-]?(?:(?:[0-9]+(?:\.[0-9]+)?)|(?:\.[0-9]+)))))|-) (?&lt;referrer&gt;(?&gt;(?&lt;!\\)(?&gt;&quot;(?&gt;\\.|[^\\&quot;]+)+&quot;|&quot;&quot;|(?&gt;&apos;(?&gt;\\.|[^\\&apos;]+)+&apos;)|&apos;&apos;|(?&gt;`(?&gt;\\.|[^\\`]+)+`)|``))) (?&lt;agent&gt;(?&gt;(?&lt;!\\)(?&gt;&quot;(?&gt;\\.|[^\\&quot;]+)+&quot;|&quot;&quot;|(?&gt;&apos;(?&gt;\\.|[^\\&apos;]+)+&apos;)|&apos;&apos;|(?&gt;`(?&gt;\\.|[^\\`]+)+`)|``)))
COMMONMAC=(?:(?:[A-Fa-f0-9]{2}:){5}[A-Fa-f0-9]{2})
CRONLOG=(?&lt;timestamp&gt;\b(?:Jan(?:uary)?|Feb(?:ruary)?|Mar(?:ch)?|Apr(?:il)?|May|Jun(?:e)?|Jul(?:y)?|Aug(?:ust)?|Sep(?:tember)?|Oct(?:ober)?|Nov(?:ember)?|Dec(?:ember)?)\b +(?:(?:0[1-9])|(?:[12][0-9])|(?:3[01])|[1-9]) (?!&lt;[0-9])(?:2[0123]|[01]?[0-9]):(?:[0-5][0-9])(?::(?:(?:[0-5][0-9]|60)(?:[:.,][0-9]+)?))(?![0-9])) (?:&lt;(?&lt;facility&gt;\b(?:[0-9]+)\b).(?&lt;priority&gt;\b(?:[0-9]+)\b)&gt; )?(?&lt;logsource&gt;(?:\b(?:[0-9A-Za-z][0-9A-Za-z-]{0,62})(?:\.(?:[0-9A-Za-z][0-9A-Za-z-]{0,62}))*(\.?|\b)|(?&lt;![0-9])(?:(?:25[0-5]|2[0-4][0-9]|[0-1]?[0-9]{1,2})[.](?:25[0-5]|2[0-4][0-9]|[0-1]?[0-9]{1,2})[.](?:25[0-5]|2[0-4][0-9]|[0-1]?[0-9]{1,2})[.](?:25[0-5]|2[0-4][0-9]|[0-1]?[0-9]{1,2}))(?![0-9]))) (?&lt;program&gt;(?:[\w._/%-]+))(?:\[(?&lt;pid&gt;\b(?:[1-9][0-9]*)\b)\])?: \((?&lt;user&gt;[a-zA-Z0-9._-]+)\) (?&lt;action&gt;[A-Z ]+) \((?&lt;message&gt;.*?)\)
CRON_ACTION=[A-Z ]+
DATA=.*?
DATE=(?:0?[1-9]|1[0-2])[/-](?:(?:0[1-9])|(?:[12][0-9])|(?:3[01])|[1-9])[/-](?&gt;\d\d){1,2}|(?:(?:0[1-9])|(?:[12][0-9])|(?:3[01])|[1-9])[./-](?:0?[1-9]|1[0-2])[./-](?&gt;\d\d){1,2}
DATESTAMP=(?:0?[1-9]|1[0-2])[/-](?:(?:0[1-9])|(?:[12][0-9])|(?:3[01])|[1-9])[/-](?&gt;\d\d){1,2}|(?:(?:0[1-9])|(?:[12][0-9])|(?:3[01])|[1-9])[./-](?:0?[1-9]|1[0-2])[./-](?&gt;\d\d){1,2}[- ](?!&lt;[0-9])(?:2[0123]|[01]?[0-9]):(?:[0-5][0-9])(?::(?:(?:[0-5][0-9]|60)(?:[:.,][0-9]+)?))(?![0-9])
DATESTAMP_OTHER=(?:Mon(?:day)?|Tue(?:sday)?|Wed(?:nesday)?|Thu(?:rsday)?|Fri(?:day)?|Sat(?:urday)?|Sun(?:day)?) \b(?:Jan(?:uary)?|Feb(?:ruary)?|Mar(?:ch)?|Apr(?:il)?|May|Jun(?:e)?|Jul(?:y)?|Aug(?:ust)?|Sep(?:tember)?|Oct(?:ober)?|Nov(?:ember)?|Dec(?:ember)?)\b (?:(?:0[1-9])|(?:[12][0-9])|(?:3[01])|[1-9]) (?!&lt;[0-9])(?:2[0123]|[01]?[0-9]):(?:[0-5][0-9])(?::(?:(?:[0-5][0-9]|60)(?:[:.,][0-9]+)?))(?![0-9]) (?:[PMCE][SD]T) (?&gt;\d\d){1,2}
DATESTAMP_RFC822=(?:Mon(?:day)?|Tue(?:sday)?|Wed(?:nesday)?|Thu(?:rsday)?|Fri(?:day)?|Sat(?:urday)?|Sun(?:day)?) \b(?:Jan(?:uary)?|Feb(?:ruary)?|Mar(?:ch)?|Apr(?:il)?|May|Jun(?:e)?|Jul(?:y)?|Aug(?:ust)?|Sep(?:tember)?|Oct(?:ober)?|Nov(?:ember)?|Dec(?:ember)?)\b (?:(?:0[1-9])|(?:[12][0-9])|(?:3[01])|[1-9]) (?&gt;\d\d){1,2} (?!&lt;[0-9])(?:2[0123]|[01]?[0-9]):(?:[0-5][0-9])(?::(?:(?:[0-5][0-9]|60)(?:[:.,][0-9]+)?))(?![0-9]) (?:[PMCE][SD]T)
DATE_EU=(?:(?:0[1-9])|(?:[12][0-9])|(?:3[01])|[1-9])[./-](?:0?[1-9]|1[0-2])[./-](?&gt;\d\d){1,2}
DATE_US=(?:0?[1-9]|1[0-2])[/-](?:(?:0[1-9])|(?:[12][0-9])|(?:3[01])|[1-9])[/-](?&gt;\d\d){1,2}
DAY=(?:Mon(?:day)?|Tue(?:sday)?|Wed(?:nesday)?|Thu(?:rsday)?|Fri(?:day)?|Sat(?:urday)?|Sun(?:day)?)
GREEDYDATA=.*
HOST=\b(?:[0-9A-Za-z][0-9A-Za-z-]{0,62})(?:\.(?:[0-9A-Za-z][0-9A-Za-z-]{0,62}))*(\.?|\b)
HOSTNAME=\b(?:[0-9A-Za-z][0-9A-Za-z-]{0,62})(?:\.(?:[0-9A-Za-z][0-9A-Za-z-]{0,62}))*(\.?|\b)
HOUR=(?:2[0123]|[01]?[0-9])
HTTPDATE=(?:(?:0[1-9])|(?:[12][0-9])|(?:3[01])|[1-9])/\b(?:Jan(?:uary)?|Feb(?:ruary)?|Mar(?:ch)?|Apr(?:il)?|May|Jun(?:e)?|Jul(?:y)?|Aug(?:ust)?|Sep(?:tember)?|Oct(?:ober)?|Nov(?:ember)?|Dec(?:ember)?)\b/(?&gt;\d\d){1,2}:(?!&lt;[0-9])(?:2[0123]|[01]?[0-9]):(?:[0-5][0-9])(?::(?:(?:[0-5][0-9]|60)(?:[:.,][0-9]+)?))(?![0-9]) (?:[+-]?(?:[0-9]+))
INT=(?:[+-]?(?:[0-9]+))
IP=(?&lt;![0-9])(?:(?:25[0-5]|2[0-4][0-9]|[0-1]?[0-9]{1,2})[.](?:25[0-5]|2[0-4][0-9]|[0-1]?[0-9]{1,2})[.](?:25[0-5]|2[0-4][0-9]|[0-1]?[0-9]{1,2})[.](?:25[0-5]|2[0-4][0-9]|[0-1]?[0-9]{1,2}))(?![0-9])
IPORHOST=(?:\b(?:[0-9A-Za-z][0-9A-Za-z-]{0,62})(?:\.(?:[0-9A-Za-z][0-9A-Za-z-]{0,62}))*(\.?|\b)|(?&lt;![0-9])(?:(?:25[0-5]|2[0-4][0-9]|[0-1]?[0-9]{1,2})[.](?:25[0-5]|2[0-4][0-9]|[0-1]?[0-9]{1,2})[.](?:25[0-5]|2[0-4][0-9]|[0-1]?[0-9]{1,2})[.](?:25[0-5]|2[0-4][0-9]|[0-1]?[0-9]{1,2}))(?![0-9]))
ISO8601_SECOND=(?:(?:(?:[0-5][0-9]|60)(?:[:.,][0-9]+)?)|60)
ISO8601_TIMEZONE=(?:Z|[+-](?:2[0123]|[01]?[0-9])(?::?(?:[0-5][0-9]))?)
JAVACLASS=(?:[a-zA-Z0-9-]+\.)+[A-Za-z0-9$]+
JAVAFILE=(?:[A-Za-z0-9_.-]+)
JAVASTACKTRACEPART=at (?&lt;class&gt;(?:[a-zA-Z0-9-]+\.)+[A-Za-z0-9$]+)\.(?&lt;method&gt;\b\w+\b)\((?&lt;file&gt;(?:[A-Za-z0-9_.-]+)):(?&lt;line&gt;(?:(?&lt;![0-9.+-])(?&gt;[+-]?(?:(?:[0-9]+(?:\.[0-9]+)?)|(?:\.[0-9]+)))))\)
LOG4J_CUSTOM_TIMESTAMP=(?&gt;\d\d){1,2}[./-](?:0?[1-9]|1[0-2])[./-](?:(?:0[1-9])|(?:[12][0-9])|(?:3[01])|[1-9])[./-](?:2[0123]|[01]?[0-9])[./-](?:[0-5][0-9])[./-](?:(?:[0-5][0-9]|60)(?:[:.,][0-9]+)?)
LOGLEVEL=([T|t]race|TRACE|[D|d]ebug|DEBUG|[N|n]otice|NOTICE|[I|i]nfo|INFO|[W|w]arn?(?:ing)?|WARN?(?:ING)?|[E|e]rr?(?:or)?|ERR?(?:OR)?|[C|c]rit?(?:ical)?|CRIT?(?:ICAL)?|[F|f]atal|FATAL|[S|s]evere|SEVERE|EMERG(?:ENCY)?|[Ee]merg(?:ency)?)
MAC=(?:(?:(?:[A-Fa-f0-9]{4}\.){2}[A-Fa-f0-9]{4})|(?:(?:[A-Fa-f0-9]{2}-){5}[A-Fa-f0-9]{2})|(?:(?:[A-Fa-f0-9]{2}:){5}[A-Fa-f0-9]{2}))
MCOLLECTIVE=., \[(?&lt;timestamp&gt;(?&gt;\d\d){1,2}-(?:0?[1-9]|1[0-2])-(?:(?:0[1-9])|(?:[12][0-9])|(?:3[01])|[1-9])[T ](?:2[0123]|[01]?[0-9]):?(?:[0-5][0-9])(?::?(?:(?:[0-5][0-9]|60)(?:[:.,][0-9]+)?))?(?:Z|[+-](?:2[0123]|[01]?[0-9])(?::?(?:[0-5][0-9]))?)?) #(?&lt;pid&gt;\b(?:[1-9][0-9]*)\b)\]\s*(?&lt;event_level&gt;([T|t]race|TRACE|[D|d]ebug|DEBUG|[N|n]otice|NOTICE|[I|i]nfo|INFO|[W|w]arn?(?:ing)?|WARN?(?:ING)?|[E|e]rr?(?:or)?|ERR?(?:OR)?|[C|c]rit?(?:ical)?|CRIT?(?:ICAL)?|[F|f]atal|FATAL|[S|s]evere|SEVERE|EMERG(?:ENCY)?|[Ee]merg(?:ency)?))
MCOLLECTIVEAUDIT=(?&lt;timestamp&gt;(?&gt;\d\d){1,2}-(?:0?[1-9]|1[0-2])-(?:(?:0[1-9])|(?:[12][0-9])|(?:3[01])|[1-9])[T ](?:2[0123]|[01]?[0-9]):?(?:[0-5][0-9])(?::?(?:(?:[0-5][0-9]|60)(?:[:.,][0-9]+)?))?(?:Z|[+-](?:2[0123]|[01]?[0-9])(?::?(?:[0-5][0-9]))?)?):
MINUTE=(?:[0-5][0-9])
MONTH=\b(?:Jan(?:uary)?|Feb(?:ruary)?|Mar(?:ch)?|Apr(?:il)?|May|Jun(?:e)?|Jul(?:y)?|Aug(?:ust)?|Sep(?:tember)?|Oct(?:ober)?|Nov(?:ember)?|Dec(?:ember)?)\b
MONTHDAY=(?:(?:0[1-9])|(?:[12][0-9])|(?:3[01])|[1-9])
MONTHNUM=(?:0?[1-9]|1[0-2])
NAGIOSLOGLINE=\[(?&lt;nagios_epoch&gt;(?:(?&lt;![0-9.+-])(?&gt;[+-]?(?:(?:[0-9]+(?:\.[0-9]+)?)|(?:\.[0-9]+)))))\] (?:Warning:\s*(?&lt;nagios_message&gt;.*)|(?&lt;nagios_type&gt;CURRENT SERVICE STATE): (?&lt;nagios_hostname&gt;.*?);(?&lt;nagios_service&gt;.*?);(?&lt;nagios_state&gt;.*?);(?&lt;nagios_statetype&gt;.*?);(?&lt;nagios_statecode&gt;.*?);(?&lt;nagios_message&gt;.*)|(?&lt;nagios_type&gt;CURRENT HOST STATE): (?&lt;nagios_hostname&gt;.*?);(?&lt;nagios_state&gt;.*?);(?&lt;nagios_statetype&gt;.*?);(?&lt;nagios_statecode&gt;.*?);(?&lt;nagios_message&gt;.*)|(?&lt;nagios_type&gt;SERVICE NOTIFICATION): (?&lt;nagios_notifyname&gt;.*?);(?&lt;nagios_hostname&gt;.*?);(?&lt;nagios_service&gt;.*?);(?&lt;nagios_state&gt;.*?);(?&lt;nagios_contact&gt;.*?);(?&lt;nagios_message&gt;.*)|HOST NOTIFICATION: (?&lt;nagios_notifyname&gt;.*?);(?&lt;nagios_hostname&gt;.*?);(?&lt;nagios_state&gt;.*?);(?&lt;nagios_contact&gt;.*?);(?&lt;nagios_message&gt;.*)|(?&lt;nagios_type&gt;SERVICE ALERT): (?&lt;nagios_hostname&gt;.*?);(?&lt;nagios_service&gt;.*?);(?&lt;nagios_state&gt;.*?);(?&lt;nagios_statelevel&gt;.*?);(?&lt;nagios_attempt&gt;(?:(?&lt;![0-9.+-])(?&gt;[+-]?(?:(?:[0-9]+(?:\.[0-9]+)?)|(?:\.[0-9]+)))));(?&lt;nagios_message&gt;.*)|(?&lt;nagios_type&gt;HOST ALERT): (?&lt;nagios_hostname&gt;.*?);(?&lt;nagios_state&gt;.*?);(?&lt;nagios_statelevel&gt;.*?);(?&lt;nagios_attempt&gt;(?:(?&lt;![0-9.+-])(?&gt;[+-]?(?:(?:[0-9]+(?:\.[0-9]+)?)|(?:\.[0-9]+)))));(?&lt;nagios_message&gt;.*)|(?&lt;nagios_type&gt;SERVICE FLAPPING ALERT): (?&lt;nagios_hostname&gt;.*?);(?&lt;nagios_service&gt;.*?);(?&lt;nagios_state&gt;.*?);(?&lt;nagios_message&gt;.*)|(?&lt;nagios_type&gt;HOST FLAPPING ALERT): (?&lt;nagios_hostname&gt;.*?);(?&lt;nagios_state&gt;.*?);(?&lt;nagios_message&gt;.*)|(?&lt;nagios_type&gt;SERVICE DOWNTIME ALERT): (?&lt;nagios_hostname&gt;.*?);(?&lt;nagios_service&gt;.*?);(?&lt;nagios_state&gt;.*?);(?&lt;nagios_comment&gt;.*)|(?&lt;nagios_type&gt;HOST DOWNTIME ALERT): (?&lt;nagios_hostname&gt;.*?);(?&lt;nagios_state&gt;.*?);(?&lt;nagios_comment&gt;.*)|(?&lt;nagios_type&gt;PASSIVE SERVICE CHECK): (?&lt;nagios_hostname&gt;.*?);(?&lt;nagios_service&gt;.*?);(?&lt;nagios_state&gt;.*?);(?&lt;nagios_comment&gt;.*)|(?&lt;nagios_type&gt;PASSIVE HOST CHECK): (?&lt;nagios_hostname&gt;.*?);(?&lt;nagios_state&gt;.*?);(?&lt;nagios_comment&gt;.*)|(?&lt;nagios_type&gt;SERVICE EVENT HANDLER): (?&lt;nagios_hostname&gt;.*?);(?&lt;nagios_service&gt;.*?);(?&lt;nagios_state&gt;.*?);(?&lt;nagios_statelevel&gt;.*?);(?&lt;nagios_event_handler_name&gt;.*?)|(?&lt;nagios_type&gt;HOST EVENT HANDLER): (?&lt;nagios_hostname&gt;.*?);(?&lt;nagios_state&gt;.*?);(?&lt;nagios_statelevel&gt;.*?);(?&lt;nagios_event_handler_name&gt;.*?)|(?&lt;nagios_type&gt;TIMEPERIOD TRANSITION): (?&lt;nagios_service&gt;.*?);(?&lt;nagios_unknown1&gt;.*?);(?&lt;nagios_unknown2&gt;.*?);|(?&lt;nagios_type&gt;EXTERNAL COMMAND): (?&lt;nagios_command&gt;DISABLE_SVC_CHECK);(?&lt;nagios_hostname&gt;.*?);(?&lt;nagios_service&gt;.*?)|(?&lt;nagios_type&gt;EXTERNAL COMMAND): (?&lt;nagios_command&gt;ENABLE_SVC_CHECK);(?&lt;nagios_hostname&gt;.*?);(?&lt;nagios_service&gt;.*?)|(?&lt;nagios_type&gt;EXTERNAL COMMAND): (?&lt;nagios_command&gt;DISABLE_HOST_CHECK);(?&lt;nagios_hostname&gt;.*?)|(?&lt;nagios_type&gt;EXTERNAL COMMAND): (?&lt;nagios_command&gt;ENABLE_HOST_CHECK);(?&lt;nagios_hostname&gt;.*?)|(?&lt;nagios_type&gt;EXTERNAL COMMAND): (?&lt;nagios_command&gt;PROCESS_HOST_CHECK_RESULT);(?&lt;nagios_hostname&gt;.*?);(?&lt;nagios_state&gt;.*?);(?&lt;nagios_check_result&gt;.*)|(?&lt;nagios_type&gt;EXTERNAL COMMAND): (?&lt;nagios_command&gt;PROCESS_SERVICE_CHECK_RESULT);(?&lt;nagios_hostname&gt;.*?);(?&lt;nagios_service&gt;.*?);(?&lt;nagios_state&gt;.*?);(?&lt;nagios_check_result&gt;.*)|(?&lt;nagios_type&gt;EXTERNAL COMMAND): (?&lt;nagios_command&gt;SCHEDULE_HOST_DOWNTIME);(?&lt;nagios_hostname&gt;.*?);(?&lt;nagios_start_time&gt;(?:(?&lt;![0-9.+-])(?&gt;[+-]?(?:(?:[0-9]+(?:\.[0-9]+)?)|(?:\.[0-9]+)))));(?&lt;nagios_end_time&gt;(?:(?&lt;![0-9.+-])(?&gt;[+-]?(?:(?:[0-9]+(?:\.[0-9]+)?)|(?:\.[0-9]+)))));(?&lt;nagios_fixed&gt;(?:(?&lt;![0-9.+-])(?&gt;[+-]?(?:(?:[0-9]+(?:\.[0-9]+)?)|(?:\.[0-9]+)))));(?&lt;nagios_trigger_id&gt;(?:(?&lt;![0-9.+-])(?&gt;[+-]?(?:(?:[0-9]+(?:\.[0-9]+)?)|(?:\.[0-9]+)))));(?&lt;nagios_duration&gt;(?:(?&lt;![0-9.+-])(?&gt;[+-]?(?:(?:[0-9]+(?:\.[0-9]+)?)|(?:\.[0-9]+)))));(?&lt;author&gt;.*?);(?&lt;comment&gt;.*?))
NAGIOSTIME=\[(?&lt;nagios_epoch&gt;(?:(?&lt;![0-9.+-])(?&gt;[+-]?(?:(?:[0-9]+(?:\.[0-9]+)?)|(?:\.[0-9]+)))))\]
NAGIOS_CURRENT_HOST_STATE=(?&lt;nagios_type&gt;CURRENT HOST STATE): (?&lt;nagios_hostname&gt;.*?);(?&lt;nagios_state&gt;.*?);(?&lt;nagios_statetype&gt;.*?);(?&lt;nagios_statecode&gt;.*?);(?&lt;nagios_message&gt;.*)
NAGIOS_CURRENT_SERVICE_STATE=(?&lt;nagios_type&gt;CURRENT SERVICE STATE): (?&lt;nagios_hostname&gt;.*?);(?&lt;nagios_service&gt;.*?);(?&lt;nagios_state&gt;.*?);(?&lt;nagios_statetype&gt;.*?);(?&lt;nagios_statecode&gt;.*?);(?&lt;nagios_message&gt;.*)
NAGIOS_EC_DISABLE_HOST_CHECK=DISABLE_HOST_CHECK
NAGIOS_EC_DISABLE_SVC_CHECK=DISABLE_SVC_CHECK
NAGIOS_EC_ENABLE_HOST_CHECK=ENABLE_HOST_CHECK
NAGIOS_EC_ENABLE_SVC_CHECK=ENABLE_SVC_CHECK
NAGIOS_EC_LINE_DISABLE_HOST_CHECK=(?&lt;nagios_type&gt;EXTERNAL COMMAND): (?&lt;nagios_command&gt;DISABLE_HOST_CHECK);(?&lt;nagios_hostname&gt;.*?)
NAGIOS_EC_LINE_DISABLE_SVC_CHECK=(?&lt;nagios_type&gt;EXTERNAL COMMAND): (?&lt;nagios_command&gt;DISABLE_SVC_CHECK);(?&lt;nagios_hostname&gt;.*?);(?&lt;nagios_service&gt;.*?)
NAGIOS_EC_LINE_ENABLE_HOST_CHECK=(?&lt;nagios_type&gt;EXTERNAL COMMAND): (?&lt;nagios_command&gt;ENABLE_HOST_CHECK);(?&lt;nagios_hostname&gt;.*?)
NAGIOS_EC_LINE_ENABLE_SVC_CHECK=(?&lt;nagios_type&gt;EXTERNAL COMMAND): (?&lt;nagios_command&gt;ENABLE_SVC_CHECK);(?&lt;nagios_hostname&gt;.*?);(?&lt;nagios_service&gt;.*?)
NAGIOS_EC_LINE_PROCESS_HOST_CHECK_RESULT=(?&lt;nagios_type&gt;EXTERNAL COMMAND): (?&lt;nagios_command&gt;PROCESS_HOST_CHECK_RESULT);(?&lt;nagios_hostname&gt;.*?);(?&lt;nagios_state&gt;.*?);(?&lt;nagios_check_result&gt;.*)
NAGIOS_EC_LINE_PROCESS_SERVICE_CHECK_RESULT=(?&lt;nagios_type&gt;EXTERNAL COMMAND): (?&lt;nagios_command&gt;PROCESS_SERVICE_CHECK_RESULT);(?&lt;nagios_hostname&gt;.*?);(?&lt;nagios_service&gt;.*?);(?&lt;nagios_state&gt;.*?);(?&lt;nagios_check_result&gt;.*)
NAGIOS_EC_LINE_SCHEDULE_HOST_DOWNTIME=(?&lt;nagios_type&gt;EXTERNAL COMMAND): (?&lt;nagios_command&gt;SCHEDULE_HOST_DOWNTIME);(?&lt;nagios_hostname&gt;.*?);(?&lt;nagios_start_time&gt;(?:(?&lt;![0-9.+-])(?&gt;[+-]?(?:(?:[0-9]+(?:\.[0-9]+)?)|(?:\.[0-9]+)))));(?&lt;nagios_end_time&gt;(?:(?&lt;![0-9.+-])(?&gt;[+-]?(?:(?:[0-9]+(?:\.[0-9]+)?)|(?:\.[0-9]+)))));(?&lt;nagios_fixed&gt;(?:(?&lt;![0-9.+-])(?&gt;[+-]?(?:(?:[0-9]+(?:\.[0-9]+)?)|(?:\.[0-9]+)))));(?&lt;nagios_trigger_id&gt;(?:(?&lt;![0-9.+-])(?&gt;[+-]?(?:(?:[0-9]+(?:\.[0-9]+)?)|(?:\.[0-9]+)))));(?&lt;nagios_duration&gt;(?:(?&lt;![0-9.+-])(?&gt;[+-]?(?:(?:[0-9]+(?:\.[0-9]+)?)|(?:\.[0-9]+)))));(?&lt;author&gt;.*?);(?&lt;comment&gt;.*?)
NAGIOS_EC_PROCESS_HOST_CHECK_RESULT=PROCESS_HOST_CHECK_RESULT
NAGIOS_EC_PROCESS_SERVICE_CHECK_RESULT=PROCESS_SERVICE_CHECK_RESULT
NAGIOS_EC_SCHEDULE_HOST_DOWNTIME=SCHEDULE_HOST_DOWNTIME
NAGIOS_EC_SCHEDULE_SERVICE_DOWNTIME=SCHEDULE_SERVICE_DOWNTIME
NAGIOS_HOST_ALERT=(?&lt;nagios_type&gt;HOST ALERT): (?&lt;nagios_hostname&gt;.*?);(?&lt;nagios_state&gt;.*?);(?&lt;nagios_statelevel&gt;.*?);(?&lt;nagios_attempt&gt;(?:(?&lt;![0-9.+-])(?&gt;[+-]?(?:(?:[0-9]+(?:\.[0-9]+)?)|(?:\.[0-9]+)))));(?&lt;nagios_message&gt;.*)
NAGIOS_HOST_DOWNTIME_ALERT=(?&lt;nagios_type&gt;HOST DOWNTIME ALERT): (?&lt;nagios_hostname&gt;.*?);(?&lt;nagios_state&gt;.*?);(?&lt;nagios_comment&gt;.*)
NAGIOS_HOST_EVENT_HANDLER=(?&lt;nagios_type&gt;HOST EVENT HANDLER): (?&lt;nagios_hostname&gt;.*?);(?&lt;nagios_state&gt;.*?);(?&lt;nagios_statelevel&gt;.*?);(?&lt;nagios_event_handler_name&gt;.*?)
NAGIOS_HOST_FLAPPING_ALERT=(?&lt;nagios_type&gt;HOST FLAPPING ALERT): (?&lt;nagios_hostname&gt;.*?);(?&lt;nagios_state&gt;.*?);(?&lt;nagios_message&gt;.*)
NAGIOS_HOST_NOTIFICATION=HOST NOTIFICATION: (?&lt;nagios_notifyname&gt;.*?);(?&lt;nagios_hostname&gt;.*?);(?&lt;nagios_state&gt;.*?);(?&lt;nagios_contact&gt;.*?);(?&lt;nagios_message&gt;.*)
NAGIOS_PASSIVE_HOST_CHECK=(?&lt;nagios_type&gt;PASSIVE HOST CHECK): (?&lt;nagios_hostname&gt;.*?);(?&lt;nagios_state&gt;.*?);(?&lt;nagios_comment&gt;.*)
NAGIOS_PASSIVE_SERVICE_CHECK=(?&lt;nagios_type&gt;PASSIVE SERVICE CHECK): (?&lt;nagios_hostname&gt;.*?);(?&lt;nagios_service&gt;.*?);(?&lt;nagios_state&gt;.*?);(?&lt;nagios_comment&gt;.*)
NAGIOS_SERVICE_ALERT=(?&lt;nagios_type&gt;SERVICE ALERT): (?&lt;nagios_hostname&gt;.*?);(?&lt;nagios_service&gt;.*?);(?&lt;nagios_state&gt;.*?);(?&lt;nagios_statelevel&gt;.*?);(?&lt;nagios_attempt&gt;(?:(?&lt;![0-9.+-])(?&gt;[+-]?(?:(?:[0-9]+(?:\.[0-9]+)?)|(?:\.[0-9]+)))));(?&lt;nagios_message&gt;.*)
NAGIOS_SERVICE_DOWNTIME_ALERT=(?&lt;nagios_type&gt;SERVICE DOWNTIME ALERT): (?&lt;nagios_hostname&gt;.*?);(?&lt;nagios_service&gt;.*?);(?&lt;nagios_state&gt;.*?);(?&lt;nagios_comment&gt;.*)
NAGIOS_SERVICE_EVENT_HANDLER=(?&lt;nagios_type&gt;SERVICE EVENT HANDLER): (?&lt;nagios_hostname&gt;.*?);(?&lt;nagios_service&gt;.*?);(?&lt;nagios_state&gt;.*?);(?&lt;nagios_statelevel&gt;.*?);(?&lt;nagios_event_handler_name&gt;.*?)
NAGIOS_SERVICE_FLAPPING_ALERT=(?&lt;nagios_type&gt;SERVICE FLAPPING ALERT): (?&lt;nagios_hostname&gt;.*?);(?&lt;nagios_service&gt;.*?);(?&lt;nagios_state&gt;.*?);(?&lt;nagios_message&gt;.*)
NAGIOS_SERVICE_NOTIFICATION=(?&lt;nagios_type&gt;SERVICE NOTIFICATION): (?&lt;nagios_notifyname&gt;.*?);(?&lt;nagios_hostname&gt;.*?);(?&lt;nagios_service&gt;.*?);(?&lt;nagios_state&gt;.*?);(?&lt;nagios_contact&gt;.*?);(?&lt;nagios_message&gt;.*)
NAGIOS_TIMEPERIOD_TRANSITION=(?&lt;nagios_type&gt;TIMEPERIOD TRANSITION): (?&lt;nagios_service&gt;.*?);(?&lt;nagios_unknown1&gt;.*?);(?&lt;nagios_unknown2&gt;.*?);
NAGIOS_TYPE_CURRENT_HOST_STATE=CURRENT HOST STATE
NAGIOS_TYPE_CURRENT_SERVICE_STATE=CURRENT SERVICE STATE
NAGIOS_TYPE_EXTERNAL_COMMAND=EXTERNAL COMMAND
NAGIOS_TYPE_HOST_ALERT=HOST ALERT
NAGIOS_TYPE_HOST_DOWNTIME_ALERT=HOST DOWNTIME ALERT
NAGIOS_TYPE_HOST_EVENT_HANDLER=HOST EVENT HANDLER
NAGIOS_TYPE_HOST_FLAPPING_ALERT=HOST FLAPPING ALERT
NAGIOS_TYPE_HOST_NOTIFICATION=HOST NOTIFICATION
NAGIOS_TYPE_PASSIVE_HOST_CHECK=PASSIVE HOST CHECK
NAGIOS_TYPE_PASSIVE_SERVICE_CHECK=PASSIVE SERVICE CHECK
NAGIOS_TYPE_SERVICE_ALERT=SERVICE ALERT
NAGIOS_TYPE_SERVICE_DOWNTIME_ALERT=SERVICE DOWNTIME ALERT
NAGIOS_TYPE_SERVICE_EVENT_HANDLER=SERVICE EVENT HANDLER
NAGIOS_TYPE_SERVICE_FLAPPING_ALERT=SERVICE FLAPPING ALERT
NAGIOS_TYPE_SERVICE_NOTIFICATION=SERVICE NOTIFICATION
NAGIOS_TYPE_TIMEPERIOD_TRANSITION=TIMEPERIOD TRANSITION
NAGIOS_WARNING=Warning:\s*(?&lt;nagios_message&gt;.*)
NETSCREENSESSIONLOG=(?&lt;date&gt;\b(?:Jan(?:uary)?|Feb(?:ruary)?|Mar(?:ch)?|Apr(?:il)?|May|Jun(?:e)?|Jul(?:y)?|Aug(?:ust)?|Sep(?:tember)?|Oct(?:ober)?|Nov(?:ember)?|Dec(?:ember)?)\b +(?:(?:0[1-9])|(?:[12][0-9])|(?:3[01])|[1-9]) (?!&lt;[0-9])(?:2[0123]|[01]?[0-9]):(?:[0-5][0-9])(?::(?:(?:[0-5][0-9]|60)(?:[:.,][0-9]+)?))(?![0-9])) (?&lt;device&gt;(?:\b(?:[0-9A-Za-z][0-9A-Za-z-]{0,62})(?:\.(?:[0-9A-Za-z][0-9A-Za-z-]{0,62}))*(\.?|\b)|(?&lt;![0-9])(?:(?:25[0-5]|2[0-4][0-9]|[0-1]?[0-9]{1,2})[.](?:25[0-5]|2[0-4][0-9]|[0-1]?[0-9]{1,2})[.](?:25[0-5]|2[0-4][0-9]|[0-1]?[0-9]{1,2})[.](?:25[0-5]|2[0-4][0-9]|[0-1]?[0-9]{1,2}))(?![0-9]))) (?:\b(?:[0-9A-Za-z][0-9A-Za-z-]{0,62})(?:\.(?:[0-9A-Za-z][0-9A-Za-z-]{0,62}))*(\.?|\b)|(?&lt;![0-9])(?:(?:25[0-5]|2[0-4][0-9]|[0-1]?[0-9]{1,2})[.](?:25[0-5]|2[0-4][0-9]|[0-1]?[0-9]{1,2})[.](?:25[0-5]|2[0-4][0-9]|[0-1]?[0-9]{1,2})[.](?:25[0-5]|2[0-4][0-9]|[0-1]?[0-9]{1,2}))(?![0-9])): NetScreen device_id=(?&lt;device_id&gt;\b\w+\b).*?: start_time=(?&lt;start_time&gt;(?&gt;(?&lt;!\\)(?&gt;&quot;(?&gt;\\.|[^\\&quot;]+)+&quot;|&quot;&quot;|(?&gt;&apos;(?&gt;\\.|[^\\&apos;]+)+&apos;)|&apos;&apos;|(?&gt;`(?&gt;\\.|[^\\`]+)+`)|``))) duration=(?&lt;duration&gt;(?:[+-]?(?:[0-9]+))) policy_id=(?&lt;policy_id&gt;(?:[+-]?(?:[0-9]+))) service=(?&lt;service&gt;.*?) proto=(?&lt;proto&gt;(?:[+-]?(?:[0-9]+))) src zone=(?&lt;src_zone&gt;\b\w+\b) dst zone=(?&lt;dst_zone&gt;\b\w+\b) action=(?&lt;action&gt;\b\w+\b) sent=(?&lt;sent&gt;(?:[+-]?(?:[0-9]+))) rcvd=(?&lt;rcvd&gt;(?:[+-]?(?:[0-9]+))) src=(?&lt;src_ip&gt;(?:\b(?:[0-9A-Za-z][0-9A-Za-z-]{0,62})(?:\.(?:[0-9A-Za-z][0-9A-Za-z-]{0,62}))*(\.?|\b)|(?&lt;![0-9])(?:(?:25[0-5]|2[0-4][0-9]|[0-1]?[0-9]{1,2})[.](?:25[0-5]|2[0-4][0-9]|[0-1]?[0-9]{1,2})[.](?:25[0-5]|2[0-4][0-9]|[0-1]?[0-9]{1,2})[.](?:25[0-5]|2[0-4][0-9]|[0-1]?[0-9]{1,2}))(?![0-9]))) dst=(?&lt;dst_ip&gt;(?:\b(?:[0-9A-Za-z][0-9A-Za-z-]{0,62})(?:\.(?:[0-9A-Za-z][0-9A-Za-z-]{0,62}))*(\.?|\b)|(?&lt;![0-9])(?:(?:25[0-5]|2[0-4][0-9]|[0-1]?[0-9]{1,2})[.](?:25[0-5]|2[0-4][0-9]|[0-1]?[0-9]{1,2})[.](?:25[0-5]|2[0-4][0-9]|[0-1]?[0-9]{1,2})[.](?:25[0-5]|2[0-4][0-9]|[0-1]?[0-9]{1,2}))(?![0-9]))) src_port=(?&lt;src_port&gt;(?:[+-]?(?:[0-9]+))) dst_port=(?&lt;dst_port&gt;(?:[+-]?(?:[0-9]+))) src-xlated ip=(?&lt;src_xlated_ip&gt;(?:\b(?:[0-9A-Za-z][0-9A-Za-z-]{0,62})(?:\.(?:[0-9A-Za-z][0-9A-Za-z-]{0,62}))*(\.?|\b)|(?&lt;![0-9])(?:(?:25[0-5]|2[0-4][0-9]|[0-1]?[0-9]{1,2})[.](?:25[0-5]|2[0-4][0-9]|[0-1]?[0-9]{1,2})[.](?:25[0-5]|2[0-4][0-9]|[0-1]?[0-9]{1,2})[.](?:25[0-5]|2[0-4][0-9]|[0-1]?[0-9]{1,2}))(?![0-9]))) port=(?&lt;src_xlated_port&gt;(?:[+-]?(?:[0-9]+))) dst-xlated ip=(?&lt;dst_xlated_ip&gt;(?:\b(?:[0-9A-Za-z][0-9A-Za-z-]{0,62})(?:\.(?:[0-9A-Za-z][0-9A-Za-z-]{0,62}))*(\.?|\b)|(?&lt;![0-9])(?:(?:25[0-5]|2[0-4][0-9]|[0-1]?[0-9]{1,2})[.](?:25[0-5]|2[0-4][0-9]|[0-1]?[0-9]{1,2})[.](?:25[0-5]|2[0-4][0-9]|[0-1]?[0-9]{1,2})[.](?:25[0-5]|2[0-4][0-9]|[0-1]?[0-9]{1,2}))(?![0-9]))) port=(?&lt;dst_xlated_port&gt;(?:[+-]?(?:[0-9]+))) session_id=(?&lt;session_id&gt;(?:[+-]?(?:[0-9]+))) reason=(?&lt;reason&gt;.*)
NONNEGINT=\b(?:[0-9]+)\b
NOTSPACE=\S+
NUMBER=(?:(?&lt;![0-9.+-])(?&gt;[+-]?(?:(?:[0-9]+(?:\.[0-9]+)?)|(?:\.[0-9]+))))
PATH=(?:(?&gt;/(?&gt;[\w_%!$@:.,-]+|\\.)*)+|(?&gt;[A-Za-z]+:|\\)(?:\\[^\\?*]*)+)
POSINT=\b(?:[1-9][0-9]*)\b
POSTGRESQL=(?&lt;timestamp&gt;(?:0?[1-9]|1[0-2])[/-](?:(?:0[1-9])|(?:[12][0-9])|(?:3[01])|[1-9])[/-](?&gt;\d\d){1,2}|(?:(?:0[1-9])|(?:[12][0-9])|(?:3[01])|[1-9])[./-](?:0?[1-9]|1[0-2])[./-](?&gt;\d\d){1,2}[- ](?!&lt;[0-9])(?:2[0123]|[01]?[0-9]):(?:[0-5][0-9])(?::(?:(?:[0-5][0-9]|60)(?:[:.,][0-9]+)?))(?![0-9])) (?:[PMCE][SD]T) (?&lt;user_id&gt;.*?) (?&lt;connection_id&gt;.*) (?&lt;pid&gt;\b(?:[1-9][0-9]*)\b)
PROG=(?:[\w._/%-]+)
QS=(?&gt;(?&lt;!\\)(?&gt;&quot;(?&gt;\\.|[^\\&quot;]+)+&quot;|&quot;&quot;|(?&gt;&apos;(?&gt;\\.|[^\\&apos;]+)+&apos;)|&apos;&apos;|(?&gt;`(?&gt;\\.|[^\\`]+)+`)|``))
QUOTEDSTRING=(?&gt;(?&lt;!\\)(?&gt;&quot;(?&gt;\\.|[^\\&quot;]+)+&quot;|&quot;&quot;|(?&gt;&apos;(?&gt;\\.|[^\\&apos;]+)+&apos;)|&apos;&apos;|(?&gt;`(?&gt;\\.|[^\\`]+)+`)|``))
REDISLOG=\[(?&lt;pid&gt;\b(?:[1-9][0-9]*)\b)\] (?&lt;timestamp&gt;(?:(?:0[1-9])|(?:[12][0-9])|(?:3[01])|[1-9]) \b(?:Jan(?:uary)?|Feb(?:ruary)?|Mar(?:ch)?|Apr(?:il)?|May|Jun(?:e)?|Jul(?:y)?|Aug(?:ust)?|Sep(?:tember)?|Oct(?:ober)?|Nov(?:ember)?|Dec(?:ember)?)\b (?!&lt;[0-9])(?:2[0123]|[01]?[0-9]):(?:[0-5][0-9])(?::(?:(?:[0-5][0-9]|60)(?:[:.,][0-9]+)?))(?![0-9])) \*
REDISTIMESTAMP=(?:(?:0[1-9])|(?:[12][0-9])|(?:3[01])|[1-9]) \b(?:Jan(?:uary)?|Feb(?:ruary)?|Mar(?:ch)?|Apr(?:il)?|May|Jun(?:e)?|Jul(?:y)?|Aug(?:ust)?|Sep(?:tember)?|Oct(?:ober)?|Nov(?:ember)?|Dec(?:ember)?)\b (?!&lt;[0-9])(?:2[0123]|[01]?[0-9]):(?:[0-5][0-9])(?::(?:(?:[0-5][0-9]|60)(?:[:.,][0-9]+)?))(?![0-9])
RUBY_LOGGER=[DFEWI], \[(?&lt;timestamp&gt;(?&gt;\d\d){1,2}-(?:0?[1-9]|1[0-2])-(?:(?:0[1-9])|(?:[12][0-9])|(?:3[01])|[1-9])[T ](?:2[0123]|[01]?[0-9]):?(?:[0-5][0-9])(?::?(?:(?:[0-5][0-9]|60)(?:[:.,][0-9]+)?))?(?:Z|[+-](?:2[0123]|[01]?[0-9])(?::?(?:[0-5][0-9]))?)?) #(?&lt;pid&gt;\b(?:[1-9][0-9]*)\b)\] *(?&lt;loglevel&gt;(?:DEBUG|FATAL|ERROR|WARN|INFO)) -- +(?&lt;progname&gt;.*?): (?&lt;message&gt;.*)
RUBY_LOGLEVEL=(?:DEBUG|FATAL|ERROR|WARN|INFO)
SECOND=(?:(?:[0-5][0-9]|60)(?:[:.,][0-9]+)?)
SPACE=\s*
SYSLOG5424LINE=&lt;(?&lt;syslog5424_pri&gt;\b(?:[0-9]+)\b)&gt;(?&lt;syslog5424_ver&gt;\b(?:[0-9]+)\b) (?:(?&lt;syslog5424_ts&gt;(?&gt;\d\d){1,2}-(?:0?[1-9]|1[0-2])-(?:(?:0[1-9])|(?:[12][0-9])|(?:3[01])|[1-9])[T ](?:2[0123]|[01]?[0-9]):?(?:[0-5][0-9])(?::?(?:(?:[0-5][0-9]|60)(?:[:.,][0-9]+)?))?(?:Z|[+-](?:2[0123]|[01]?[0-9])(?::?(?:[0-5][0-9]))?)?)|-) (?:(?&lt;syslog5424_host&gt;\b(?:[0-9A-Za-z][0-9A-Za-z-]{0,62})(?:\.(?:[0-9A-Za-z][0-9A-Za-z-]{0,62}))*(\.?|\b))|-) (?:(?&lt;syslog5424_app&gt;\b\w+\b)|-) (?:(?&lt;syslog5424_proc&gt;\b\w+\b)|-) (?:(?&lt;syslog5424_msgid&gt;\b\w+\b)|-) (?:(?&lt;syslog5424_sd&gt;\[.*?\]+)|-) (?&lt;syslog5424_msg&gt;.*)
SYSLOG5424PRI=&lt;(?&lt;syslog5424_pri&gt;\b(?:[0-9]+)\b)&gt;
SYSLOG5424SD=\[.*?\]+
SYSLOGBASE=(?&lt;timestamp&gt;\b(?:Jan(?:uary)?|Feb(?:ruary)?|Mar(?:ch)?|Apr(?:il)?|May|Jun(?:e)?|Jul(?:y)?|Aug(?:ust)?|Sep(?:tember)?|Oct(?:ober)?|Nov(?:ember)?|Dec(?:ember)?)\b +(?:(?:0[1-9])|(?:[12][0-9])|(?:3[01])|[1-9]) (?!&lt;[0-9])(?:2[0123]|[01]?[0-9]):(?:[0-5][0-9])(?::(?:(?:[0-5][0-9]|60)(?:[:.,][0-9]+)?))(?![0-9])) (?:&lt;(?&lt;facility&gt;\b(?:[0-9]+)\b).(?&lt;priority&gt;\b(?:[0-9]+)\b)&gt; )?(?&lt;logsource&gt;(?:\b(?:[0-9A-Za-z][0-9A-Za-z-]{0,62})(?:\.(?:[0-9A-Za-z][0-9A-Za-z-]{0,62}))*(\.?|\b)|(?&lt;![0-9])(?:(?:25[0-5]|2[0-4][0-9]|[0-1]?[0-9]{1,2})[.](?:25[0-5]|2[0-4][0-9]|[0-1]?[0-9]{1,2})[.](?:25[0-5]|2[0-4][0-9]|[0-1]?[0-9]{1,2})[.](?:25[0-5]|2[0-4][0-9]|[0-1]?[0-9]{1,2}))(?![0-9]))) (?&lt;program&gt;(?:[\w._/%-]+))(?:\[(?&lt;pid&gt;\b(?:[1-9][0-9]*)\b)\])?:
SYSLOGBASE2=(?:(?&lt;timestamp&gt;\b(?:Jan(?:uary)?|Feb(?:ruary)?|Mar(?:ch)?|Apr(?:il)?|May|Jun(?:e)?|Jul(?:y)?|Aug(?:ust)?|Sep(?:tember)?|Oct(?:ober)?|Nov(?:ember)?|Dec(?:ember)?)\b +(?:(?:0[1-9])|(?:[12][0-9])|(?:3[01])|[1-9]) (?!&lt;[0-9])(?:2[0123]|[01]?[0-9]):(?:[0-5][0-9])(?::(?:(?:[0-5][0-9]|60)(?:[:.,][0-9]+)?))(?![0-9]))|(?&lt;timestamp8601&gt;(?&gt;\d\d){1,2}-(?:0?[1-9]|1[0-2])-(?:(?:0[1-9])|(?:[12][0-9])|(?:3[01])|[1-9])[T ](?:2[0123]|[01]?[0-9]):?(?:[0-5][0-9])(?::?(?:(?:[0-5][0-9]|60)(?:[:.,][0-9]+)?))?(?:Z|[+-](?:2[0123]|[01]?[0-9])(?::?(?:[0-5][0-9]))?)?)) (?:&lt;(?&lt;facility&gt;\b(?:[0-9]+)\b).(?&lt;priority&gt;\b(?:[0-9]+)\b)&gt; )?(?&lt;logsource&gt;(?:\b(?:[0-9A-Za-z][0-9A-Za-z-]{0,62})(?:\.(?:[0-9A-Za-z][0-9A-Za-z-]{0,62}))*(\.?|\b)|(?&lt;![0-9])(?:(?:25[0-5]|2[0-4][0-9]|[0-1]?[0-9]{1,2})[.](?:25[0-5]|2[0-4][0-9]|[0-1]?[0-9]{1,2})[.](?:25[0-5]|2[0-4][0-9]|[0-1]?[0-9]{1,2})[.](?:25[0-5]|2[0-4][0-9]|[0-1]?[0-9]{1,2}))(?![0-9]))) (?&lt;program&gt;(?:[\w._/%-]+))(?:\[(?&lt;pid&gt;\b(?:[1-9][0-9]*)\b)\])?:
SYSLOGFACILITY=&lt;(?&lt;facility&gt;\b(?:[0-9]+)\b).(?&lt;priority&gt;\b(?:[0-9]+)\b)&gt;
SYSLOGHOST=(?:\b(?:[0-9A-Za-z][0-9A-Za-z-]{0,62})(?:\.(?:[0-9A-Za-z][0-9A-Za-z-]{0,62}))*(\.?|\b)|(?&lt;![0-9])(?:(?:25[0-5]|2[0-4][0-9]|[0-1]?[0-9]{1,2})[.](?:25[0-5]|2[0-4][0-9]|[0-1]?[0-9]{1,2})[.](?:25[0-5]|2[0-4][0-9]|[0-1]?[0-9]{1,2})[.](?:25[0-5]|2[0-4][0-9]|[0-1]?[0-9]{1,2}))(?![0-9]))
SYSLOGLINE=(?:(?&lt;timestamp&gt;\b(?:Jan(?:uary)?|Feb(?:ruary)?|Mar(?:ch)?|Apr(?:il)?|May|Jun(?:e)?|Jul(?:y)?|Aug(?:ust)?|Sep(?:tember)?|Oct(?:ober)?|Nov(?:ember)?|Dec(?:ember)?)\b +(?:(?:0[1-9])|(?:[12][0-9])|(?:3[01])|[1-9]) (?!&lt;[0-9])(?:2[0123]|[01]?[0-9]):(?:[0-5][0-9])(?::(?:(?:[0-5][0-9]|60)(?:[:.,][0-9]+)?))(?![0-9]))|(?&lt;timestamp8601&gt;(?&gt;\d\d){1,2}-(?:0?[1-9]|1[0-2])-(?:(?:0[1-9])|(?:[12][0-9])|(?:3[01])|[1-9])[T ](?:2[0123]|[01]?[0-9]):?(?:[0-5][0-9])(?::?(?:(?:[0-5][0-9]|60)(?:[:.,][0-9]+)?))?(?:Z|[+-](?:2[0123]|[01]?[0-9])(?::?(?:[0-5][0-9]))?)?)) (?:&lt;(?&lt;facility&gt;\b(?:[0-9]+)\b).(?&lt;priority&gt;\b(?:[0-9]+)\b)&gt; )?(?&lt;logsource&gt;(?:\b(?:[0-9A-Za-z][0-9A-Za-z-]{0,62})(?:\.(?:[0-9A-Za-z][0-9A-Za-z-]{0,62}))*(\.?|\b)|(?&lt;![0-9])(?:(?:25[0-5]|2[0-4][0-9]|[0-1]?[0-9]{1,2})[.](?:25[0-5]|2[0-4][0-9]|[0-1]?[0-9]{1,2})[.](?:25[0-5]|2[0-4][0-9]|[0-1]?[0-9]{1,2})[.](?:25[0-5]|2[0-4][0-9]|[0-1]?[0-9]{1,2}))(?![0-9]))) (?&lt;program&gt;(?:[\w._/%-]+))(?:\[(?&lt;pid&gt;\b(?:[1-9][0-9]*)\b)\])?: (?&lt;message&gt;.*)
SYSLOGPAMSESSION=(?&lt;timestamp&gt;\b(?:Jan(?:uary)?|Feb(?:ruary)?|Mar(?:ch)?|Apr(?:il)?|May|Jun(?:e)?|Jul(?:y)?|Aug(?:ust)?|Sep(?:tember)?|Oct(?:ober)?|Nov(?:ember)?|Dec(?:ember)?)\b +(?:(?:0[1-9])|(?:[12][0-9])|(?:3[01])|[1-9]) (?!&lt;[0-9])(?:2[0123]|[01]?[0-9]):(?:[0-5][0-9])(?::(?:(?:[0-5][0-9]|60)(?:[:.,][0-9]+)?))(?![0-9])) (?:&lt;(?&lt;facility&gt;\b(?:[0-9]+)\b).(?&lt;priority&gt;\b(?:[0-9]+)\b)&gt; )?(?&lt;logsource&gt;(?:\b(?:[0-9A-Za-z][0-9A-Za-z-]{0,62})(?:\.(?:[0-9A-Za-z][0-9A-Za-z-]{0,62}))*(\.?|\b)|(?&lt;![0-9])(?:(?:25[0-5]|2[0-4][0-9]|[0-1]?[0-9]{1,2})[.](?:25[0-5]|2[0-4][0-9]|[0-1]?[0-9]{1,2})[.](?:25[0-5]|2[0-4][0-9]|[0-1]?[0-9]{1,2})[.](?:25[0-5]|2[0-4][0-9]|[0-1]?[0-9]{1,2}))(?![0-9]))) (?&lt;program&gt;(?:[\w._/%-]+))(?:\[(?&lt;pid&gt;\b(?:[1-9][0-9]*)\b)\])?: (?=(?&lt;message&gt;.*))(?&lt;pam_module&gt;\b\w+\b)\((?&lt;pam_caller&gt;.*?)\): session (?&lt;pam_session_state&gt;\b\w+\b) for user (?&lt;username&gt;[a-zA-Z0-9._-]+)(?: by (?&lt;pam_by&gt;.*))?
SYSLOGPROG=(?&lt;program&gt;(?:[\w._/%-]+))(?:\[(?&lt;pid&gt;\b(?:[1-9][0-9]*)\b)\])?
SYSLOGTIMESTAMP=\b(?:Jan(?:uary)?|Feb(?:ruary)?|Mar(?:ch)?|Apr(?:il)?|May|Jun(?:e)?|Jul(?:y)?|Aug(?:ust)?|Sep(?:tember)?|Oct(?:ober)?|Nov(?:ember)?|Dec(?:ember)?)\b +(?:(?:0[1-9])|(?:[12][0-9])|(?:3[01])|[1-9]) (?!&lt;[0-9])(?:2[0123]|[01]?[0-9]):(?:[0-5][0-9])(?::(?:(?:[0-5][0-9]|60)(?:[:.,][0-9]+)?))(?![0-9])
TIME=(?!&lt;[0-9])(?:2[0123]|[01]?[0-9]):(?:[0-5][0-9])(?::(?:(?:[0-5][0-9]|60)(?:[:.,][0-9]+)?))(?![0-9])
TIMESTAMP_ISO8601=(?&gt;\d\d){1,2}-(?:0?[1-9]|1[0-2])-(?:(?:0[1-9])|(?:[12][0-9])|(?:3[01])|[1-9])[T ](?:2[0123]|[01]?[0-9]):?(?:[0-5][0-9])(?::?(?:(?:[0-5][0-9]|60)(?:[:.,][0-9]+)?))?(?:Z|[+-](?:2[0123]|[01]?[0-9])(?::?(?:[0-5][0-9]))?)?
TTY=(?:/dev/(pts|tty([pq])?)(\w+)?/?(?:[0-9]+))
TZ=(?:[PMCE][SD]T)
UNIXPATH=(?&gt;/(?&gt;[\w_%!$@:.,-]+|\\.)*)+
URI=[A-Za-z]+(\+[A-Za-z+]+)?://(?:[a-zA-Z0-9._-]+(?::[^@]*)?@)?(?:(?:\b(?:[0-9A-Za-z][0-9A-Za-z-]{0,62})(?:\.(?:[0-9A-Za-z][0-9A-Za-z-]{0,62}))*(\.?|\b)|(?&lt;![0-9])(?:(?:25[0-5]|2[0-4][0-9]|[0-1]?[0-9]{1,2})[.](?:25[0-5]|2[0-4][0-9]|[0-1]?[0-9]{1,2})[.](?:25[0-5]|2[0-4][0-9]|[0-1]?[0-9]{1,2})[.](?:25[0-5]|2[0-4][0-9]|[0-1]?[0-9]{1,2}))(?![0-9]))(?::(?&lt;port&gt;\b(?:[1-9][0-9]*)\b))?)?(?:(?:/[A-Za-z0-9$.+!*&apos;(){},~:;=#%_\-]*)+(?:\?[A-Za-z0-9$.+!*&apos;|(){},~#%&amp;/=:;_?\-\[\]]*)?)?
URIHOST=(?:\b(?:[0-9A-Za-z][0-9A-Za-z-]{0,62})(?:\.(?:[0-9A-Za-z][0-9A-Za-z-]{0,62}))*(\.?|\b)|(?&lt;![0-9])(?:(?:25[0-5]|2[0-4][0-9]|[0-1]?[0-9]{1,2})[.](?:25[0-5]|2[0-4][0-9]|[0-1]?[0-9]{1,2})[.](?:25[0-5]|2[0-4][0-9]|[0-1]?[0-9]{1,2})[.](?:25[0-5]|2[0-4][0-9]|[0-1]?[0-9]{1,2}))(?![0-9]))(?::(?&lt;port&gt;\b(?:[1-9][0-9]*)\b))?
URIPARAM=\?[A-Za-z0-9$.+!*&apos;|(){},~#%&amp;/=:;_?\-\[\]]*
URIPATH=(?:/[A-Za-z0-9$.+!*&apos;(){},~:;=#%_\-]*)+
URIPATHPARAM=(?:/[A-Za-z0-9$.+!*&apos;(){},~:;=#%_\-]*)+(?:\?[A-Za-z0-9$.+!*&apos;|(){},~#%&amp;/=:;_?\-\[\]]*)?
URIPROTO=[A-Za-z]+(\+[A-Za-z+]+)?
USER=[a-zA-Z0-9._-]+
USERNAME=[a-zA-Z0-9._-]+
UUID=[A-Fa-f0-9]{8}-(?:[A-Fa-f0-9]{4}-){3}[A-Fa-f0-9]{12}
WINDOWSMAC=(?:(?:[A-Fa-f0-9]{2}-){5}[A-Fa-f0-9]{2})
WINPATH=(?&gt;[A-Za-z]+:|\\)(?:\\[^\\?*]*)+
WORD=\b\w+\b
YEAR=(?&gt;\d\d){1,2}
2316 [main] TRACE org.kitesdk.morphline.stdlib.Pipe  - Building command: logInfo
2317 [main] TRACE org.kitesdk.morphline.stdlib.Pipe  - beforeProcess: {_attachment_body=[java.io.FileInputStream@6a4f1a55], _attachment_mimetype=[text/plain]}
2317 [main] TRACE org.kitesdk.morphline.stdio.ReadMultiLineBuilder$ReadMultiLine  - beforeProcess: {_attachment_body=[java.io.FileInputStream@6a4f1a55], _attachment_mimetype=[text/plain]}
2318 [main] TRACE org.kitesdk.morphline.stdlib.GrokBuilder$Grok  - beforeProcess: {message=[2016.06.28-07.49.02 [CLCIP] DEBUG com.hanover.cip.helper.WS_ExpandedClaimsHelper.getClaimantSummary : getClaimantSummary(String, String, String, List&lt;String&gt;) - start]}
2319 [main] TRACE org.kitesdk.morphline.stdlib.LogInfoBuilder$LogInfo  - beforeProcess: {appname=[CLCIP], logstatus=[DEBUG], message=[2016.06.28-07.49.02 [CLCIP] DEBUG com.hanover.cip.helper.WS_ExpandedClaimsHelper.getClaimantSummary : getClaimantSummary(String, String, String, List&lt;String&gt;) - start], message2=[com.hanover.cip.helper.WS_ExpandedClaimsHelper.getClaimantSummary : getClaimantSummary(String, String, String, List&lt;String&gt;) - start], request_date=[2016.06.28-07.49.02]}
2320 [main] INFO  org.kitesdk.morphline.stdlib.LogInfoBuilder$LogInfo  - output record: [{appname=[CLCIP], logstatus=[DEBUG], message=[2016.06.28-07.49.02 [CLCIP] DEBUG com.hanover.cip.helper.WS_ExpandedClaimsHelper.getClaimantSummary : getClaimantSummary(String, String, String, List&lt;String&gt;) - start], message2=[com.hanover.cip.helper.WS_ExpandedClaimsHelper.getClaimantSummary : getClaimantSummary(String, String, String, List&lt;String&gt;) - start], request_date=[2016.06.28-07.49.02]}]
2321 [main] TRACE org.kitesdk.morphline.stdlib.GrokBuilder$Grok  - beforeProcess: {message=[2016.06.28-07.49.02 [CLCIP] INFO  com.hanover.cip.helper.WS_ExpandedClaimsHelper.getClaimantSummary : getClaimantSummary(String, String, String, List&lt;String&gt;) - userId=SXS989, firstName=ANA, lastName=PEREZ]}
2321 [main] TRACE org.kitesdk.morphline.stdlib.LogInfoBuilder$LogInfo  - beforeProcess: {appname=[CLCIP], logstatus=[INFO], message=[2016.06.28-07.49.02 [CLCIP] INFO  com.hanover.cip.helper.WS_ExpandedClaimsHelper.getClaimantSummary : getClaimantSummary(String, String, String, List&lt;String&gt;) - userId=SXS989, firstName=ANA, lastName=PEREZ], message2=[ com.hanover.cip.helper.WS_ExpandedClaimsHelper.getClaimantSummary : getClaimantSummary(String, String, String, List&lt;String&gt;) - userId=SXS989, firstName=ANA, lastName=PEREZ], request_date=[2016.06.28-07.49.02]}
2321 [main] INFO  org.kitesdk.morphline.stdlib.LogInfoBuilder$LogInfo  - output record: [{appname=[CLCIP], logstatus=[INFO], message=[2016.06.28-07.49.02 [CLCIP] INFO  com.hanover.cip.helper.WS_ExpandedClaimsHelper.getClaimantSummary : getClaimantSummary(String, String, String, List&lt;String&gt;) - userId=SXS989, firstName=ANA, lastName=PEREZ], message2=[ com.hanover.cip.helper.WS_ExpandedClaimsHelper.getClaimantSummary : getClaimantSummary(String, String, String, List&lt;String&gt;) - userId=SXS989, firstName=ANA, lastName=PEREZ], request_date=[2016.06.28-07.49.02]}]
2321 [main] TRACE org.kitesdk.morphline.stdlib.GrokBuilder$Grok  - beforeProcess: {message=[2016.06.28-07.49.02 [CLCIP] DEBUG com.hanover.cip.helper.WS_ExpandedClaimsHelper.init : init() - start]}
2322 [main] TRACE org.kitesdk.morphline.stdlib.LogInfoBuilder$LogInfo  - beforeProcess: {appname=[CLCIP], logstatus=[DEBUG], message=[2016.06.28-07.49.02 [CLCIP] DEBUG com.hanover.cip.helper.WS_ExpandedClaimsHelper.init : init() - start], message2=[com.hanover.cip.helper.WS_ExpandedClaimsHelper.init : init() - start], request_date=[2016.06.28-07.49.02]}
2322 [main] INFO  org.kitesdk.morphline.stdlib.LogInfoBuilder$LogInfo  - output record: [{appname=[CLCIP], logstatus=[DEBUG], message=[2016.06.28-07.49.02 [CLCIP] DEBUG com.hanover.cip.helper.WS_ExpandedClaimsHelper.init : init() - start], message2=[com.hanover.cip.helper.WS_ExpandedClaimsHelper.init : init() - start], request_date=[2016.06.28-07.49.02]}]
2322 [main] TRACE org.kitesdk.morphline.stdlib.GrokBuilder$Grok  - beforeProcess: {message=[2016.06.28-07.49.02 [CLCIP] DEBUG com.hanover.cip.common.JndiUtil.getJndi : getJndi(String) - start]}
2322 [main] TRACE org.kitesdk.morphline.stdlib.LogInfoBuilder$LogInfo  - beforeProcess: {appname=[CLCIP], logstatus=[DEBUG], message=[2016.06.28-07.49.02 [CLCIP] DEBUG com.hanover.cip.common.JndiUtil.getJndi : getJndi(String) - start], message2=[com.hanover.cip.common.JndiUtil.getJndi : getJndi(String) - start], request_date=[2016.06.28-07.49.02]}
2322 [main] INFO  org.kitesdk.morphline.stdlib.LogInfoBuilder$LogInfo  - output record: [{appname=[CLCIP], logstatus=[DEBUG], message=[2016.06.28-07.49.02 [CLCIP] DEBUG com.hanover.cip.common.JndiUtil.getJndi : getJndi(String) - start], message2=[com.hanover.cip.common.JndiUtil.getJndi : getJndi(String) - start], request_date=[2016.06.28-07.49.02]}]
2322 [main] TRACE org.kitesdk.morphline.stdlib.GrokBuilder$Grok  - beforeProcess: {message=[2016.06.28-07.49.02 [CLCIP] DEBUG com.hanover.cip.common.JndiUtil.getJndi : jndiName ==== cell/persistent/cip/expClaimSummaryEndPoint === http://prodservices.allmerica.com/prod/entp/claimsinquiry]}
2323 [main] TRACE org.kitesdk.morphline.stdlib.LogInfoBuilder$LogInfo  - beforeProcess: {appname=[CLCIP], logstatus=[DEBUG], message=[2016.06.28-07.49.02 [CLCIP] DEBUG com.hanover.cip.common.JndiUtil.getJndi : jndiName ==== cell/persistent/cip/expClaimSummaryEndPoint === http://prodservices.allmerica.com/prod/entp/claimsinquiry], message2=[com.hanover.cip.common.JndiUtil.getJndi : jndiName ==== cell/persistent/cip/expClaimSummaryEndPoint === http://prodservices.allmerica.com/prod/entp/claimsinquiry], request_date=[2016.06.28-07.49.02]}
2324 [main] INFO  org.kitesdk.morphline.stdlib.LogInfoBuilder$LogInfo  - output record: [{appname=[CLCIP], logstatus=[DEBUG], message=[2016.06.28-07.49.02 [CLCIP] DEBUG com.hanover.cip.common.JndiUtil.getJndi : jndiName ==== cell/persistent/cip/expClaimSummaryEndPoint === http://prodservices.allmerica.com/prod/entp/claimsinquiry], message2=[com.hanover.cip.common.JndiUtil.getJndi : jndiName ==== cell/persistent/cip/expClaimSummaryEndPoint === http://prodservices.allmerica.com/prod/entp/claimsinquiry], request_date=[2016.06.28-07.49.02]}]
2324 [main] TRACE org.kitesdk.morphline.stdlib.GrokBuilder$Grok  - beforeProcess: {message=[2016.06.28-07.49.02 [CLCIP] DEBUG com.hanover.cip.common.JndiUtil.getJndi : getJndi(String) - end]}
2324 [main] TRACE org.kitesdk.morphline.stdlib.LogInfoBuilder$LogInfo  - beforeProcess: {appname=[CLCIP], logstatus=[DEBUG], message=[2016.06.28-07.49.02 [CLCIP] DEBUG com.hanover.cip.common.JndiUtil.getJndi : getJndi(String) - end], message2=[com.hanover.cip.common.JndiUtil.getJndi : getJndi(String) - end], request_date=[2016.06.28-07.49.02]}
2325 [main] INFO  org.kitesdk.morphline.stdlib.LogInfoBuilder$LogInfo  - output record: [{appname=[CLCIP], logstatus=[DEBUG], message=[2016.06.28-07.49.02 [CLCIP] DEBUG com.hanover.cip.common.JndiUtil.getJndi : getJndi(String) - end], message2=[com.hanover.cip.common.JndiUtil.getJndi : getJndi(String) - end], request_date=[2016.06.28-07.49.02]}]
2325 [main] TRACE org.kitesdk.morphline.stdlib.GrokBuilder$Grok  - beforeProcess: {message=[2016.06.28-07.49.02 [CLCIP] DEBUG com.hanover.cip.helper.WS_ExpandedClaimsHelper.init : init() - end]}
2325 [main] TRACE org.kitesdk.morphline.stdlib.LogInfoBuilder$LogInfo  - beforeProcess: {appname=[CLCIP], logstatus=[DEBUG], message=[2016.06.28-07.49.02 [CLCIP] DEBUG com.hanover.cip.helper.WS_ExpandedClaimsHelper.init : init() - end], message2=[com.hanover.cip.helper.WS_ExpandedClaimsHelper.init : init() - end], request_date=[2016.06.28-07.49.02]}
2326 [main] INFO  org.kitesdk.morphline.stdlib.LogInfoBuilder$LogInfo  - output record: [{appname=[CLCIP], logstatus=[DEBUG], message=[2016.06.28-07.49.02 [CLCIP] DEBUG com.hanover.cip.helper.WS_ExpandedClaimsHelper.init : init() - end], message2=[com.hanover.cip.helper.WS_ExpandedClaimsHelper.init : init() - end], request_date=[2016.06.28-07.49.02]}]
2327 [main] TRACE org.kitesdk.morphline.stdlib.GrokBuilder$Grok  - beforeProcess: {message=[2016.06.28-07.51.01 [CLCIP] ERROR com.hanover.cip.helper.WS_ExpandedClaimsHelper.getClaimantSummary : getClaimantSummary(String, String, String, List&lt;String&gt;)
javax.xml.ws.soap.SOAPFaultException: Internal Error
                at org.apache.axis2.jaxws.marshaller.impl.alt.MethodMarshallerUtils.createSystemException(MethodMarshallerUtils.java:1153)
                at org.apache.axis2.jaxws.marshaller.impl.alt.MethodMarshallerUtils.demarshalFaultResponse(MethodMarshallerUtils.java:916)
                at org.apache.axis2.jaxws.marshaller.impl.alt.DocLitWrappedMethodMarshaller.demarshalFaultResponse(DocLitWrappedMethodMarshaller.java:565)
                at com.ibm.ws.util.ThreadPool$Worker.run(ThreadPool.java:1593)]}
2327 [main] DEBUG org.kitesdk.morphline.stdlib.GrokBuilder$Grok  - grok failed because it found too few matches for values: [2016.06.28-07.51.01 [CLCIP] ERROR com.hanover.cip.helper.WS_ExpandedClaimsHelper.getClaimantSummary : getClaimantSummary(String, String, String, List&lt;String&gt;)
javax.xml.ws.soap.SOAPFaultException: Internal Error
                at org.apache.axis2.jaxws.marshaller.impl.alt.MethodMarshallerUtils.createSystemException(MethodMarshallerUtils.java:1153)
                at org.apache.axis2.jaxws.marshaller.impl.alt.MethodMarshallerUtils.demarshalFaultResponse(MethodMarshallerUtils.java:916)
                at org.apache.axis2.jaxws.marshaller.impl.alt.DocLitWrappedMethodMarshaller.demarshalFaultResponse(DocLitWrappedMethodMarshaller.java:565)
                at com.ibm.ws.util.ThreadPool$Worker.run(ThreadPool.java:1593)] for grok command: {
    # target/test-classes/test-morphlines/log4jLogs.conf: 21
    &quot;dictionaryFiles&quot; : [
        # target/test-classes/test-morphlines/log4jLogs.conf: 21
        &quot;target/test-classes/grok-dictionaries&quot;
    ],
    # target/test-classes/test-morphlines/log4jLogs.conf: 31
    &quot;extract&quot; : &quot;inplace&quot;,
    # target/test-classes/test-morphlines/log4jLogs.conf: 29
    &quot;dictionaryString&quot; : &quot;\n          LOG4J_CUSTOM_TIMESTAMP %{YEAR}[./-]%{MONTHNUM}[./-]%{MONTHDAY}[./-]%{HOUR}[./-]%{MINUTE}[./-]%{SECOND}\n          CISCO_PRODUCT \\w+\n          CISCO_LEVEL \\w+\n          CISCO_SUBFACILITY \\w+\n          CISCO_MESSAGE_ID \\w+\n        &quot;,
    # target/test-classes/test-morphlines/log4jLogs.conf: 32
    &quot;expressions&quot; : {
        # target/test-classes/test-morphlines/log4jLogs.conf: 33
        &quot;message&quot; : &quot;%{LOG4J_CUSTOM_TIMESTAMP:request_date} \\[%{WORD:appname}\\] %{LOGLEVEL:logstatus} %{GREEDYDATA:message2}&quot;
    }
}
2328 [main] DEBUG org.kitesdk.morphline.stdlib.GrokBuilder$Grok  - Command failed!
2328 [main] DEBUG org.kitesdk.morphline.stdio.ReadMultiLineBuilder$ReadMultiLine  - Command failed!
2329 [main] DEBUG org.kitesdk.morphline.stdlib.Pipe  - Command failed!
</system-out>
  </testcase>
  <testcase classname="com.ngujjari.morphline.ExampleMorphlineTest" name="testGrokSyslogNgCisco" time="0.265"/>
  <testcase classname="com.ngujjari.morphline.ExampleMorphlineTest" name="testGrokEmail" time="0.179"/>
  <testcase classname="com.ngujjari.morphline.ExampleMorphlineTest" name="testExtractJsonPathsFlattened" time="0.451"/>
  <testcase classname="com.ngujjari.morphline.ExampleMorphlineTest" name="testSimpleCSV" time="3.046"/>
  <testcase classname="com.ngujjari.morphline.ExampleMorphlineTest" name="testMyLowerCase" time="0.335">
    <error message="No command builder registered for name: myToLowerCase near: {
    # target/test-classes/test-morphlines/myToLowerCase.conf: 22
    &quot;myToLowerCase&quot; : {
        # target/test-classes/test-morphlines/myToLowerCase.conf: 23
        &quot;field&quot; : &quot;message&quot;,
        # target/test-classes/test-morphlines/myToLowerCase.conf: 24
        &quot;locale&quot; : &quot;en_us&quot;,
        # target/test-classes/test-morphlines/myToLowerCase.conf: 25
        &quot;reverse&quot; : true
    }
}" type="org.kitesdk.morphline.api.MorphlineCompilationException">org.kitesdk.morphline.api.MorphlineCompilationException: No command builder registered for name: myToLowerCase near: {
    # target/test-classes/test-morphlines/myToLowerCase.conf: 22
    &quot;myToLowerCase&quot; : {
        # target/test-classes/test-morphlines/myToLowerCase.conf: 23
        &quot;field&quot; : &quot;message&quot;,
        # target/test-classes/test-morphlines/myToLowerCase.conf: 24
        &quot;locale&quot; : &quot;en_us&quot;,
        # target/test-classes/test-morphlines/myToLowerCase.conf: 25
        &quot;reverse&quot; : true
    }
}
	at org.kitesdk.morphline.base.AbstractCommand.buildCommand(AbstractCommand.java:281)
	at org.kitesdk.morphline.base.AbstractCommand.buildCommandChain(AbstractCommand.java:249)
	at org.kitesdk.morphline.stdlib.Pipe.&lt;init&gt;(Pipe.java:46)
	at org.kitesdk.morphline.stdlib.PipeBuilder.build(PipeBuilder.java:40)
	at org.kitesdk.morphline.api.AbstractMorphlineTest.createMorphline(AbstractMorphlineTest.java:74)
	at org.kitesdk.morphline.api.AbstractMorphlineTest.createMorphline(AbstractMorphlineTest.java:69)
	at com.ngujjari.morphline.ExampleMorphlineTest.testMyLowerCase(ExampleMorphlineTest.java:204)
	at sun.reflect.NativeMethodAccessorImpl.invoke0(Native Method)
	at sun.reflect.NativeMethodAccessorImpl.invoke(NativeMethodAccessorImpl.java:62)
	at sun.reflect.DelegatingMethodAccessorImpl.invoke(DelegatingMethodAccessorImpl.java:43)
	at java.lang.reflect.Method.invoke(Method.java:498)
	at org.junit.runners.model.FrameworkMethod$1.runReflectiveCall(FrameworkMethod.java:45)
	at org.junit.internal.runners.model.ReflectiveCallable.run(ReflectiveCallable.java:15)
	at org.junit.runners.model.FrameworkMethod.invokeExplosively(FrameworkMethod.java:42)
	at org.junit.internal.runners.statements.InvokeMethod.evaluate(InvokeMethod.java:20)
	at org.junit.internal.runners.statements.RunBefores.evaluate(RunBefores.java:28)
	at org.junit.internal.runners.statements.RunAfters.evaluate(RunAfters.java:30)
	at org.junit.runners.ParentRunner.runLeaf(ParentRunner.java:263)
	at org.junit.runners.BlockJUnit4ClassRunner.runChild(BlockJUnit4ClassRunner.java:68)
	at org.junit.runners.BlockJUnit4ClassRunner.runChild(BlockJUnit4ClassRunner.java:47)
	at org.junit.runners.ParentRunner$3.run(ParentRunner.java:231)
	at org.junit.runners.ParentRunner$1.schedule(ParentRunner.java:60)
	at org.junit.runners.ParentRunner.runChildren(ParentRunner.java:229)
	at org.junit.runners.ParentRunner.access$000(ParentRunner.java:50)
	at org.junit.runners.ParentRunner$2.evaluate(ParentRunner.java:222)
	at org.junit.runners.ParentRunner.run(ParentRunner.java:300)
	at org.apache.maven.surefire.junit4.JUnit4Provider.execute(JUnit4Provider.java:252)
	at org.apache.maven.surefire.junit4.JUnit4Provider.executeTestSet(JUnit4Provider.java:141)
	at org.apache.maven.surefire.junit4.JUnit4Provider.invoke(JUnit4Provider.java:112)
	at sun.reflect.NativeMethodAccessorImpl.invoke0(Native Method)
	at sun.reflect.NativeMethodAccessorImpl.invoke(NativeMethodAccessorImpl.java:62)
	at sun.reflect.DelegatingMethodAccessorImpl.invoke(DelegatingMethodAccessorImpl.java:43)
	at java.lang.reflect.Method.invoke(Method.java:498)
	at org.apache.maven.surefire.util.ReflectionUtils.invokeMethodWithArray(ReflectionUtils.java:189)
	at org.apache.maven.surefire.booter.ProviderFactory$ProviderProxy.invoke(ProviderFactory.java:165)
	at org.apache.maven.surefire.booter.ProviderFactory.invokeProvider(ProviderFactory.java:85)
	at org.apache.maven.surefire.booter.ForkedBooter.runSuitesInProcess(ForkedBooter.java:115)
	at org.apache.maven.surefire.booter.ForkedBooter.main(ForkedBooter.java:75)
</error>
    <system-out>6295 [main] DEBUG org.kitesdk.morphline.api.MorphlineContext  - Importing commands from Java classpath: /Users/ngujjari/Tech/kite-morphline-tests/target/test-classes:/Users/ngujjari/Tech/kite-morphline-tests/target/classes:/Users/ngujjari/.m2/repository/org/kitesdk/kite-morphlines-core/1.0.0/kite-morphlines-core-1.0.0.jar:/Users/ngujjari/.m2/repository/org/kitesdk/kite-morphlines-avro/1.0.0/kite-morphlines-avro-1.0.0.jar:/Users/ngujjari/.m2/repository/org/apache/avro/avro/1.7.5/avro-1.7.5.jar:/Users/ngujjari/.m2/repository/org/codehaus/jackson/jackson-core-asl/1.9.13/jackson-core-asl-1.9.13.jar:/Users/ngujjari/.m2/repository/org/codehaus/jackson/jackson-mapper-asl/1.9.13/jackson-mapper-asl-1.9.13.jar:/Users/ngujjari/.m2/repository/com/thoughtworks/paranamer/paranamer/2.3/paranamer-2.3.jar:/Users/ngujjari/.m2/repository/org/xerial/snappy/snappy-java/1.0.5/snappy-java-1.0.5.jar:/Users/ngujjari/.m2/repository/org/kitesdk/kite-morphlines-json/1.0.0/kite-morphlines-json-1.0.0.jar:/Users/ngujjari/.m2/repository/com/fasterxml/jackson/core/jackson-databind/2.3.1/jackson-databind-2.3.1.jar:/Users/ngujjari/.m2/repository/com/fasterxml/jackson/core/jackson-annotations/2.3.0/jackson-annotations-2.3.0.jar:/Users/ngujjari/.m2/repository/com/fasterxml/jackson/core/jackson-core/2.3.1/jackson-core-2.3.1.jar:/Users/ngujjari/.m2/repository/org/kitesdk/kite-morphlines-saxon/1.0.0/kite-morphlines-saxon-1.0.0.jar:/Users/ngujjari/.m2/repository/net/sf/saxon/Saxon-HE/9.5.1-5/Saxon-HE-9.5.1-5.jar:/Users/ngujjari/.m2/repository/org/ccil/cowan/tagsoup/tagsoup/1.2.1/tagsoup-1.2.1.jar:/Users/ngujjari/.m2/repository/org/kitesdk/kite-morphlines-hadoop-core/1.0.0/kite-morphlines-hadoop-core-1.0.0.jar:/Users/ngujjari/.m2/repository/org/kitesdk/kite-hadoop-compatibility/1.0.0/kite-hadoop-compatibility-1.0.0.jar:/Users/ngujjari/.m2/repository/org/kitesdk/kite-morphlines-hadoop-parquet-avro/1.0.0/kite-morphlines-hadoop-parquet-avro-1.0.0.jar:/Users/ngujjari/.m2/repository/com/twitter/parquet-avro/1.4.1/parquet-avro-1.4.1.jar:/Users/ngujjari/.m2/repository/com/twitter/parquet-column/1.4.1/parquet-column-1.4.1.jar:/Users/ngujjari/.m2/repository/com/twitter/parquet-common/1.4.1/parquet-common-1.4.1.jar:/Users/ngujjari/.m2/repository/com/twitter/parquet-encoding/1.4.1/parquet-encoding-1.4.1.jar:/Users/ngujjari/.m2/repository/com/twitter/parquet-generator/1.4.1/parquet-generator-1.4.1.jar:/Users/ngujjari/.m2/repository/com/twitter/parquet-hadoop/1.4.1/parquet-hadoop-1.4.1.jar:/Users/ngujjari/.m2/repository/com/twitter/parquet-jackson/1.4.1/parquet-jackson-1.4.1.jar:/Users/ngujjari/.m2/repository/com/twitter/parquet-format/2.0.0/parquet-format-2.0.0.jar:/Users/ngujjari/.m2/repository/org/kitesdk/kite-morphlines-hadoop-sequencefile/1.0.0/kite-morphlines-hadoop-sequencefile-1.0.0.jar:/Users/ngujjari/.m2/repository/org/kitesdk/kite-morphlines-hadoop-rcfile/1.0.0/kite-morphlines-hadoop-rcfile-1.0.0.jar:/Users/ngujjari/.m2/repository/org/kitesdk/kite-morphlines-tika-core/1.0.0/kite-morphlines-tika-core-1.0.0.jar:/Users/ngujjari/.m2/repository/org/apache/tika/tika-core/1.5/tika-core-1.5.jar:/Users/ngujjari/.m2/repository/org/kitesdk/kite-morphlines-tika-decompress/1.0.0/kite-morphlines-tika-decompress-1
[...]
p-annotations/2.2.0/hadoop-annotations-2.2.0.jar:/Users/ngujjari/.m2/repository/org/apache/hadoop/hadoop-auth/2.2.0/hadoop-auth-2.2.0.jar:/Users/ngujjari/.m2/repository/org/apache/hadoop/hadoop-common/2.2.0/hadoop-common-2.2.0.jar:/Users/ngujjari/.m2/repository/org/apache/hadoop/hadoop-hdfs/2.2.0/hadoop-hdfs-2.2.0.jar:/Users/ngujjari/.m2/repository/org/apache/httpcomponents/httpclient/4.3.1/httpclient-4.3.1.jar:/Users/ngujjari/.m2/repository/org/apache/httpcomponents/httpcore/4.3/httpcore-4.3.jar:/Users/ngujjari/.m2/repository/org/apache/httpcomponents/httpmime/4.3.1/httpmime-4.3.1.jar:/Users/ngujjari/.m2/repository/org/apache/zookeeper/zookeeper/3.4.6/zookeeper-3.4.6.jar:/Users/ngujjari/.m2/repository/org/codehaus/woodstox/wstx-asl/3.2.7/wstx-asl-3.2.7.jar:/Users/ngujjari/.m2/repository/org/eclipse/jetty/jetty-continuation/8.1.10.v20130312/jetty-continuation-8.1.10.v20130312.jar:/Users/ngujjari/.m2/repository/org/eclipse/jetty/jetty-deploy/8.1.10.v20130312/jetty-deploy-8.1.10.v20130312.jar:/Users/ngujjari/.m2/repository/org/eclipse/jetty/jetty-http/8.1.10.v20130312/jetty-http-8.1.10.v20130312.jar:/Users/ngujjari/.m2/repository/org/eclipse/jetty/jetty-io/8.1.10.v20130312/jetty-io-8.1.10.v20130312.jar:/Users/ngujjari/.m2/repository/org/eclipse/jetty/jetty-jmx/8.1.10.v20130312/jetty-jmx-8.1.10.v20130312.jar:/Users/ngujjari/.m2/repository/org/eclipse/jetty/jetty-security/8.1.10.v20130312/jetty-security-8.1.10.v20130312.jar:/Users/ngujjari/.m2/repository/org/eclipse/jetty/jetty-server/8.1.10.v20130312/jetty-server-8.1.10.v20130312.jar:/Users/ngujjari/.m2/repository/org/eclipse/jetty/jetty-util/8.1.10.v20130312/jetty-util-8.1.10.v20130312.jar:/Users/ngujjari/.m2/repository/org/eclipse/jetty/jetty-webapp/8.1.10.v20130312/jetty-webapp-8.1.10.v20130312.jar:/Users/ngujjari/.m2/repository/org/eclipse/jetty/jetty-xml/8.1.10.v20130312/jetty-xml-8.1.10.v20130312.jar:/Users/ngujjari/.m2/repository/org/eclipse/jetty/orbit/javax.servlet/3.0.0.v201112011016/javax.servlet-3.0.0.v201112011016.jar:/Users/ngujjari/.m2/repository/org/noggit/noggit/0.5/noggit-0.5.jar:/Users/ngujjari/.m2/repository/org/ow2/asm/asm/4.1/asm-4.1.jar:/Users/ngujjari/.m2/repository/org/ow2/asm/asm-commons/4.1/asm-commons-4.1.jar:/Users/ngujjari/.m2/repository/org/restlet/jee/org.restlet/2.1.1/org.restlet-2.1.1.jar:/Users/ngujjari/.m2/repository/org/restlet/jee/org.restlet.ext.servlet/2.1.1/org.restlet.ext.servlet-2.1.1.jar:/Users/ngujjari/.m2/repository/org/slf4j/jcl-over-slf4j/1.6.1/jcl-over-slf4j-1.6.1.jar:/Users/ngujjari/.m2/repository/org/kitesdk/kite-morphlines-solr-cell/1.0.0/kite-morphlines-solr-cell-1.0.0.jar:/Users/ngujjari/.m2/repository/org/apache/tika/tika-xmp/1.5/tika-xmp-1.5.jar:/Users/ngujjari/.m2/repository/org/apache/tika/tika-parsers/1.5/tika-parsers-1.5.jar:/Users/ngujjari/.m2/repository/edu/ucar/netcdf/4.2-min/netcdf-4.2-min.jar:/Users/ngujjari/.m2/repository/org/ow2/asm/asm-debug-all/4.1/asm-debug-all-4.1.jar:/Users/ngujjari/.m2/repository/com/adobe/xmp/xmpcore/5.1.2/xmpcore-5.1.2.jar:/Users/ngujjari/.m2/repository/org/apache/solr/solr-cell/4.10.3/solr-cell-4.10.3.jar:/Users/ngujjari/.m2/repository/com/drewnoakes/metadata-extractor/2.6.2/metadata-extractor-2.6.2.jar:/Users/ngujjari/.m2/repository/com/googlecode/juniversalchardet/juniversalchardet/1.0.3/juniversalchardet-1.0.3.jar:/Users/ngujjari/.m2/repository/com/googlecode/mp4parser/isoparser/1.0-RC-1/isoparser-1.0-RC-1.jar:/Users/ngujjari/.m2/repository/com/uwyn/jhighlight/1.0/jhighlight-1.0.jar:/Users/ngujjari/.m2/repository/de/l3s/boilerpipe/boilerpipe/1.1.0/boilerpipe-1.1.0.jar:/Users/ngujjari/.m2/repository/jdom/jdom/1.0/jdom-1.0.jar:/Users/ngujjari/.m2/repository/org/apache/james/apache-mime4j-core/0.7.2/apache-mime4j-core-0.7.2.jar:/Users/ngujjari/.m2/repository/org/apache/james/apache-mime4j-dom/0.7.2/apache-mime4j-dom-0.7.2.jar:/Users/ngujjari/.m2/repository/org/apache/pdfbox/fontbox/1.8.4/fontbox-1.8.4.jar:/Users/ngujjari/.m2/repository/org/apache/pdfbox/jempbox/1.8.4/jempbox-1.8.4.jar:/Users/ngujjari/.m2/repository/org/apache/pdfbox/pdfbox/1.8.4/pdfbox-1.8.4.jar:/Users/ngujjari/.m2/repository/org/apache/poi/poi/3.10.1/poi-3.10.1.jar:/Users/ngujjari/.m2/repository/org/apache/poi/poi-ooxml/3.10.1/poi-ooxml-3.10.1.jar:/Users/ngujjari/.m2/repository/org/apache/poi/poi-ooxml-schemas/3.10.1/poi-ooxml-schemas-3.10.1.jar:/Users/ngujjari/.m2/repository/org/apache/poi/poi-scratchpad/3.10.1/poi-scratchpad-3.10.1.jar:/Users/ngujjari/.m2/repository/org/apache/xmlbeans/xmlbeans/2.6.0/xmlbeans-2.6.0.jar:/Users/ngujjari/.m2/repository/org/aspectj/aspectjrt/1.6.11/aspectjrt-1.6.11.jar:/Users/ngujjari/.m2/repository/org/bouncycastle/bcmail-jdk15/1.45/bcmail-jdk15-1.45.jar:/Users/ngujjari/.m2/repository/org/bouncycastle/bcprov-jdk15/1.45/bcprov-jdk15-1.45.jar:/Users/ngujjari/.m2/repository/org/gagravarr/vorbis-java-core/0.1/vorbis-java-core-0.1.jar:/Users/ngujjari/.m2/repository/org/gagravarr/vorbis-java-tika/0.1/vorbis-java-tika-0.1.jar:/Users/ngujjari/.m2/repository/rome/rome/0.9/rome-0.9.jar:/Users/ngujjari/.m2/repository/org/kitesdk/kite-morphlines-twitter/1.0.0/kite-morphlines-twitter-1.0.0.jar:/Users/ngujjari/.m2/repository/org/kitesdk/kite-morphlines-maxmind/1.0.0/kite-morphlines-maxmind-1.0.0.jar:/Users/ngujjari/.m2/repository/com/maxmind/db/maxmind-db/1.0.0/maxmind-db-1.0.0.jar:/Users/ngujjari/.m2/repository/org/kitesdk/kite-morphlines-metrics-servlets/1.0.0/kite-morphlines-metrics-servlets-1.0.0.jar:/Users/ngujjari/.m2/repository/com/codahale/metrics/metrics-servlets/3.0.2/metrics-servlets-3.0.2.jar:/Users/ngujjari/.m2/repository/com/codahale/metrics/metrics-json/3.0.2/metrics-json-3.0.2.jar:/Users/ngujjari/.m2/repository/com/codahale/metrics/metrics-jvm/3.0.2/metrics-jvm-3.0.2.jar:/Users/ngujjari/.m2/repository/org/eclipse/jetty/jetty-servlet/8.1.14.v20131031/jetty-servlet-8.1.14.v20131031.jar:/Users/ngujjari/.m2/repository/org/kitesdk/kite-morphlines-useragent/1.0.0/kite-morphlines-useragent-1.0.0.jar:/Users/ngujjari/.m2/repository/ua_parser/ua-parser/1.3.0/ua-parser-1.3.0.jar:/Users/ngujjari/.m2/repository/org/yaml/snakeyaml/1.10/snakeyaml-1.10.jar:/Users/ngujjari/.m2/repository/org/kitesdk/kite-morphlines-core/1.0.0/kite-morphlines-core-1.0.0-tests.jar:/Users/ngujjari/.m2/repository/com/google/guava/guava/11.0.2/guava-11.0.2.jar:/Users/ngujjari/.m2/repository/com/google/code/findbugs/jsr305/1.3.9/jsr305-1.3.9.jar:/Users/ngujjari/.m2/repository/com/typesafe/config/1.0.2/config-1.0.2.jar:/Users/ngujjari/.m2/repository/com/codahale/metrics/metrics-core/3.0.2/metrics-core-3.0.2.jar:/Users/ngujjari/.m2/repository/com/codahale/metrics/metrics-healthchecks/3.0.2/metrics-healthchecks-3.0.2.jar:/Users/ngujjari/.m2/repository/org/slf4j/slf4j-api/1.6.1/slf4j-api-1.6.1.jar:/Users/ngujjari/.m2/repository/junit/junit/4.10/junit-4.10.jar:/Users/ngujjari/.m2/repository/org/hamcrest/hamcrest-core/1.1/hamcrest-core-1.1.jar:/Users/ngujjari/.m2/repository/org/slf4j/slf4j-log4j12/1.7.5/slf4j-log4j12-1.7.5.jar:/Users/ngujjari/.m2/repository/log4j/log4j/1.2.17/log4j-1.2.17.jar:
6612 [main] DEBUG org.kitesdk.morphline.api.MorphlineContext  - Importing command: copyTest from class: org.kitesdk.morphline.api.CopyTestCommandBuilder
6613 [main] DEBUG org.kitesdk.morphline.api.MorphlineContext  - Importing command: fail from class: org.kitesdk.morphline.api.FailCommandBuilder
6613 [main] DEBUG org.kitesdk.morphline.api.MorphlineContext  - Importing command: generateSequenceNumber from class: org.kitesdk.morphline.api.GenerateSequenceNumberBuilder
6613 [main] DEBUG org.kitesdk.morphline.api.MorphlineContext  - Importing command: throwException from class: org.kitesdk.morphline.api.ThrowExceptionCommandBuilder
6613 [main] DEBUG org.kitesdk.morphline.api.MorphlineContext  - Importing command: extractAvroPaths from class: org.kitesdk.morphline.avro.ExtractAvroPathsBuilder
6613 [main] DEBUG org.kitesdk.morphline.api.MorphlineContext  - Importing command: extractAvroTree from class: org.kitesdk.morphline.avro.ExtractAvroTreeBuilder
6613 [main] DEBUG org.kitesdk.morphline.api.MorphlineContext  - Importing command: readAvro from class: org.kitesdk.morphline.avro.ReadAvroBuilder
6613 [main] DEBUG org.kitesdk.morphline.api.MorphlineContext  - Importing command: readAvroContainer from class: org.kitesdk.morphline.avro.ReadAvroContainerBuilder
6613 [main] DEBUG org.kitesdk.morphline.api.MorphlineContext  - Importing command: toAvro from class: org.kitesdk.morphline.avro.ToAvroBuilder
6613 [main] DEBUG org.kitesdk.morphline.api.MorphlineContext  - Importing command: toAvroMap from class: org.kitesdk.morphline.avro.ToAvroMapBuilder
6613 [main] DEBUG org.kitesdk.morphline.api.MorphlineContext  - Importing command: writeAvroToByteArray from class: org.kitesdk.morphline.avro.WriteAvroToByteArrayBuilder
6614 [main] DEBUG org.kitesdk.morphline.api.MorphlineContext  - Importing command: downloadHdfsFile from class: org.kitesdk.morphline.hadoop.core.DownloadHdfsFileBuilder
6614 [main] DEBUG org.kitesdk.morphline.api.MorphlineContext  - Importing command: openHdfsFile from class: org.kitesdk.morphline.hadoop.core.OpenHdfsFileBuilder
6614 [main] DEBUG org.kitesdk.morphline.api.MorphlineContext  - Importing command: readAvroParquetFile from class: org.kitesdk.morphline.hadoop.parquet.avro.ReadAvroParquetFileBuilder
6614 [main] DEBUG org.kitesdk.morphline.api.MorphlineContext  - Importing command: readRCFile from class: org.kitesdk.morphline.hadoop.rcfile.ReadRCFileBuilder
6614 [main] DEBUG org.kitesdk.morphline.api.MorphlineContext  - Importing command: readSequenceFile from class: org.kitesdk.morphline.hadoop.sequencefile.ReadSequenceFileBuilder
6614 [main] DEBUG org.kitesdk.morphline.api.MorphlineContext  - Importing command: extractJsonPaths from class: org.kitesdk.morphline.json.ExtractJsonPathsBuilder
6614 [main] DEBUG org.kitesdk.morphline.api.MorphlineContext  - Importing command: readJson from class: org.kitesdk.morphline.json.ReadJsonBuilder
6614 [main] DEBUG org.kitesdk.morphline.api.MorphlineContext  - Importing command: geoIP from class: org.kitesdk.morphline.maxmind.GeoIPBuilder
6614 [main] DEBUG org.kitesdk.morphline.api.MorphlineContext  - Importing command: registerJVMMetrics from class: org.kitesdk.morphline.metrics.servlets.RegisterJVMMetricsBuilder
6614 [main] DEBUG org.kitesdk.morphline.api.MorphlineContext  - Importing command: startReportingMetricsToHTTP from class: org.kitesdk.morphline.metrics.servlets.StartReportingMetricsToHTTPBuilder
6614 [main] DEBUG org.kitesdk.morphline.api.MorphlineContext  - Importing command: convertHTML from class: org.kitesdk.morphline.saxon.ConvertHTMLBuilder
6615 [main] DEBUG org.kitesdk.morphline.api.MorphlineContext  - Importing command: xquery from class: org.kitesdk.morphline.saxon.XQueryBuilder
6615 [main] DEBUG org.kitesdk.morphline.api.MorphlineContext  - Importing command: xslt from class: org.kitesdk.morphline.saxon.XSLTBuilder
6615 [main] DEBUG org.kitesdk.morphline.api.MorphlineContext  - Importing command: generateSolrSequenceKey from class: org.kitesdk.morphline.solr.GenerateSolrSequenceKeyBuilder
6615 [main] DEBUG org.kitesdk.morphline.api.MorphlineContext  - Importing command: sanitizeUniqueSolrKey from class: org.kitesdk.morphline.solr.GenerateSolrSequenceKeyBuilder
6615 [main] DEBUG org.kitesdk.morphline.api.MorphlineContext  - Importing command: loadSolr from class: org.kitesdk.morphline.solr.LoadSolrBuilder
6615 [main] DEBUG org.kitesdk.morphline.api.MorphlineContext  - Importing command: sanitizeUnknownSolrFields from class: org.kitesdk.morphline.solr.SanitizeUnknownSolrFieldsBuilder
6615 [main] DEBUG org.kitesdk.morphline.api.MorphlineContext  - Importing command: tokenizeText from class: org.kitesdk.morphline.solr.TokenizeTextBuilder
6615 [main] DEBUG org.kitesdk.morphline.api.MorphlineContext  - Importing command: solrCell from class: org.kitesdk.morphline.solrcell.SolrCellBuilder
6615 [main] DEBUG org.kitesdk.morphline.api.MorphlineContext  - Importing command: readBlob from class: org.kitesdk.morphline.stdio.ReadBlobBuilder
6615 [main] DEBUG org.kitesdk.morphline.api.MorphlineContext  - Importing command: readCSV from class: org.kitesdk.morphline.stdio.ReadCSVBuilder
6616 [main] DEBUG org.kitesdk.morphline.api.MorphlineContext  - Importing command: readClob from class: org.kitesdk.morphline.stdio.ReadClobBuilder
6616 [main] DEBUG org.kitesdk.morphline.api.MorphlineContext  - Importing command: readLine from class: org.kitesdk.morphline.stdio.ReadLineBuilder
6616 [main] DEBUG org.kitesdk.morphline.api.MorphlineContext  - Importing command: readMultiLine from class: org.kitesdk.morphline.stdio.ReadMultiLineBuilder
6616 [main] DEBUG org.kitesdk.morphline.api.MorphlineContext  - Importing command: addCurrentTime from class: org.kitesdk.morphline.stdlib.AddCurrentTimeBuilder
6616 [main] DEBUG org.kitesdk.morphline.api.MorphlineContext  - Importing command: addLocalHost from class: org.kitesdk.morphline.stdlib.AddLocalHostBuilder
6616 [main] DEBUG org.kitesdk.morphline.api.MorphlineContext  - Importing command: addValues from class: org.kitesdk.morphline.stdlib.AddValuesBuilder
6616 [main] DEBUG org.kitesdk.morphline.api.MorphlineContext  - Importing command: addValuesIfAbsent from class: org.kitesdk.morphline.stdlib.AddValuesIfAbsentBuilder
6616 [main] DEBUG org.kitesdk.morphline.api.MorphlineContext  - Importing command: callParentPipe from class: org.kitesdk.morphline.stdlib.CallParentPipeBuilder
6616 [main] DEBUG org.kitesdk.morphline.api.MorphlineContext  - Importing command: contains from class: org.kitesdk.morphline.stdlib.ContainsBuilder
6617 [main] DEBUG org.kitesdk.morphline.api.MorphlineContext  - Importing command: convertTimestamp from class: org.kitesdk.morphline.stdlib.ConvertTimestampBuilder
6617 [main] DEBUG org.kitesdk.morphline.api.MorphlineContext  - Importing command: decodeBase64 from class: org.kitesdk.morphline.stdlib.DecodeBase64Builder
6617 [main] DEBUG org.kitesdk.morphline.api.MorphlineContext  - Importing command: dropRecord from class: org.kitesdk.morphline.stdlib.DropRecordBuilder
6617 [main] DEBUG org.kitesdk.morphline.api.MorphlineContext  - Importing command: equals from class: org.kitesdk.morphline.stdlib.EqualsBuilder
6617 [main] DEBUG org.kitesdk.morphline.api.MorphlineContext  - Importing command: extractURIComponent from class: org.kitesdk.morphline.stdlib.ExtractURIComponentBuilder
6617 [main] DEBUG org.kitesdk.morphline.api.MorphlineContext  - Importing command: extractURIComponents from class: org.kitesdk.morphline.stdlib.ExtractURIComponentsBuilder
6617 [main] DEBUG org.kitesdk.morphline.api.MorphlineContext  - Importing command: extractURIQueryParameters from class: org.kitesdk.morphline.stdlib.ExtractURIQueryParametersBuilder
6617 [main] DEBUG org.kitesdk.morphline.api.MorphlineContext  - Importing command: findReplace from class: org.kitesdk.morphline.stdlib.FindReplaceBuilder
6617 [main] DEBUG org.kitesdk.morphline.api.MorphlineContext  - Importing command: generateUUID from class: org.kitesdk.morphline.stdlib.GenerateUUIDBuilder
6617 [main] DEBUG org.kitesdk.morphline.api.MorphlineContext  - Importing command: grok from class: org.kitesdk.morphline.stdlib.GrokBuilder
6618 [main] DEBUG org.kitesdk.morphline.api.MorphlineContext  - Importing command: head from class: org.kitesdk.morphline.stdlib.HeadBuilder
6618 [main] DEBUG org.kitesdk.morphline.api.MorphlineContext  - Importing command: if from class: org.kitesdk.morphline.stdlib.IfThenElseBuilder
6618 [main] DEBUG org.kitesdk.morphline.api.MorphlineContext  - Importing command: java from class: org.kitesdk.morphline.stdlib.JavaBuilder
6618 [main] DEBUG org.kitesdk.morphline.api.MorphlineContext  - Importing command: logDebug from class: org.kitesdk.morphline.stdlib.LogDebugBuilder
6618 [main] DEBUG org.kitesdk.morphline.api.MorphlineContext  - Importing command: logError from class: org.kitesdk.morphline.stdlib.LogErrorBuilder
6618 [main] DEBUG org.kitesdk.morphline.api.MorphlineContext  - Importing command: logInfo from class: org.kitesdk.morphline.stdlib.LogInfoBuilder
6618 [main] DEBUG org.kitesdk.morphline.api.MorphlineContext  - Importing command: logTrace from class: org.kitesdk.morphline.stdlib.LogTraceBuilder
6618 [main] DEBUG org.kitesdk.morphline.api.MorphlineContext  - Importing command: logWarn from class: org.kitesdk.morphline.stdlib.LogWarnBuilder
6618 [main] DEBUG org.kitesdk.morphline.api.MorphlineContext  - Importing command: not from class: org.kitesdk.morphline.stdlib.NotBuilder
6618 [main] DEBUG org.kitesdk.morphline.api.MorphlineContext  - Importing command: pipe from class: org.kitesdk.morphline.stdlib.PipeBuilder
6618 [main] DEBUG org.kitesdk.morphline.api.MorphlineContext  - Importing command: removeFields from class: org.kitesdk.morphline.stdlib.RemoveFieldsBuilder
6618 [main] DEBUG org.kitesdk.morphline.api.MorphlineContext  - Importing command: removeValues from class: org.kitesdk.morphline.stdlib.RemoveValuesBuilder
6618 [main] DEBUG org.kitesdk.morphline.api.MorphlineContext  - Importing command: sample from class: org.kitesdk.morphline.stdlib.SampleBuilder
6618 [main] DEBUG org.kitesdk.morphline.api.MorphlineContext  - Importing command: separateAttachments from class: org.kitesdk.morphline.stdlib.SeparateAttachmentsBuilder
6618 [main] DEBUG org.kitesdk.morphline.api.MorphlineContext  - Importing command: setValues from class: org.kitesdk.morphline.stdlib.SetValuesBuilder
6619 [main] DEBUG org.kitesdk.morphline.api.MorphlineContext  - Importing command: split from class: org.kitesdk.morphline.stdlib.SplitBuilder
6619 [main] DEBUG org.kitesdk.morphline.api.MorphlineContext  - Importing command: splitKeyValue from class: org.kitesdk.morphline.stdlib.SplitKeyValueBuilder
6619 [main] DEBUG org.kitesdk.morphline.api.MorphlineContext  - Importing command: startReportingMetricsToCSV from class: org.kitesdk.morphline.stdlib.StartReportingMetricsToCSVBuilder
6619 [main] DEBUG org.kitesdk.morphline.api.MorphlineContext  - Importing command: startReportingMetricsToJMX from class: org.kitesdk.morphline.stdlib.StartReportingMetricsToJMXBuilder
6619 [main] DEBUG org.kitesdk.morphline.api.MorphlineContext  - Importing command: startReportingMetricsToSLF4J from class: org.kitesdk.morphline.stdlib.StartReportingMetricsToSLF4JBuilder
6619 [main] DEBUG org.kitesdk.morphline.api.MorphlineContext  - Importing command: toByteArray from class: org.kitesdk.morphline.stdlib.ToByteArrayBuilder
6619 [main] DEBUG org.kitesdk.morphline.api.MorphlineContext  - Importing command: toString from class: org.kitesdk.morphline.stdlib.ToStringBuilder
6619 [main] DEBUG org.kitesdk.morphline.api.MorphlineContext  - Importing command: translate from class: org.kitesdk.morphline.stdlib.TranslateBuilder
6619 [main] DEBUG org.kitesdk.morphline.api.MorphlineContext  - Importing command: tryRules from class: org.kitesdk.morphline.stdlib.TryRulesBuilder
6619 [main] DEBUG org.kitesdk.morphline.api.MorphlineContext  - Importing command: detectMimeType from class: org.kitesdk.morphline.tika.DetectMimeTypeBuilder
6619 [main] DEBUG org.kitesdk.morphline.api.MorphlineContext  - Importing command: decompress from class: org.kitesdk.morphline.tika.decompress.DecompressBuilder
6619 [main] DEBUG org.kitesdk.morphline.api.MorphlineContext  - Importing command: unpack from class: org.kitesdk.morphline.tika.decompress.UnpackBuilder
6619 [main] DEBUG org.kitesdk.morphline.api.MorphlineContext  - Importing command: readJsonTestTweets from class: org.kitesdk.morphline.twitter.ReadJsonTestTweetsBuilder
6619 [main] DEBUG org.kitesdk.morphline.api.MorphlineContext  - Importing command: userAgent from class: org.kitesdk.morphline.useragent.UserAgentBuilder
6619 [main] INFO  org.kitesdk.morphline.api.MorphlineContext  - Done importing commands
6619 [main] TRACE org.kitesdk.morphline.stdlib.Pipe  - Building command: myToLowerCase
</system-out>
  </testcase>
  <testcase classname="com.ngujjari.morphline.ExampleMorphlineTest" name="benchmarkJson" time="0.336">
    <skipped/>
  </testcase>
</testsuite>